Flow report for counter_16_bits_board
Wed Mar 27 19:29:58 2019
Quartus Prime Version 17.1.0 Build 590 10/25/2017 SJ Lite Edition


---------------------
; Table of Contents ;
---------------------
  1. Legal Notice
  2. Flow Summary
  3. Flow Settings
  4. Flow Non-Default Global Settings
  5. Flow Elapsed Time
  6. Flow OS Summary
  7. Flow Log
  8. Flow Messages
  9. Flow Suppressed Messages



----------------
; Legal Notice ;
----------------
Copyright (C) 2017  Intel Corporation. All rights reserved.
Your use of Intel Corporation's design tools, logic functions 
and other software and tools, and its AMPP partner logic 
functions, and any output files from any of the foregoing 
(including device programming or simulation files), and any 
associated documentation or information are expressly subject 
to the terms and conditions of the Intel Program License 
Subscription Agreement, the Intel Quartus Prime License Agreement,
the Intel FPGA IP License Agreement, or other applicable license
agreement, including, without limitation, that your use is for
the sole purpose of programming logic devices manufactured by
Intel and sold by Intel or its authorized distributors.  Please
refer to the applicable agreement for further details.



+-------------------------------------------------------------------------------+
; Flow Summary                                                                  ;
+---------------------------------+---------------------------------------------+
; Flow Status                     ; Successful - Wed Mar 27 19:29:58 2019       ;
; Quartus Prime Version           ; 17.1.0 Build 590 10/25/2017 SJ Lite Edition ;
; Revision Name                   ; counter_16_bits_board                       ;
; Top-level Entity Name           ; counter_16_bits_board                       ;
; Family                          ; Cyclone V                                   ;
; Device                          ; 5CSEMA5F31C6                                ;
; Timing Models                   ; Final                                       ;
; Logic utilization (in ALMs)     ; 23 / 32,070 ( < 1 % )                       ;
; Total registers                 ; 16                                          ;
; Total pins                      ; 31 / 457 ( 7 % )                            ;
; Total virtual pins              ; 0                                           ;
; Total block memory bits         ; 0 / 4,065,280 ( 0 % )                       ;
; Total DSP Blocks                ; 0 / 87 ( 0 % )                              ;
; Total HSSI RX PCSs              ; 0                                           ;
; Total HSSI PMA RX Deserializers ; 0                                           ;
; Total HSSI TX PCSs              ; 0                                           ;
; Total HSSI PMA TX Serializers   ; 0                                           ;
; Total PLLs                      ; 0 / 6 ( 0 % )                               ;
; Total DLLs                      ; 0 / 4 ( 0 % )                               ;
+---------------------------------+---------------------------------------------+


+-------------------------------------------+
; Flow Settings                             ;
+-------------------+-----------------------+
; Option            ; Setting               ;
+-------------------+-----------------------+
; Start date & time ; 03/27/2019 19:24:16   ;
; Main task         ; Compilation           ;
; Revision Name     ; counter_16_bits_board ;
+-------------------+-----------------------+


+-----------------------------------------------------------------------------------------------------------------------------+
; Flow Non-Default Global Settings                                                                                            ;
+-------------------------------------+----------------------------------------+---------------+-------------+----------------+
; Assignment Name                     ; Value                                  ; Default Value ; Entity Name ; Section Id     ;
+-------------------------------------+----------------------------------------+---------------+-------------+----------------+
; COMPILER_SIGNATURE_ID               ; 229044582881061.155371105606408        ; --            ; --          ; --             ;
; EDA_OUTPUT_DATA_FORMAT              ; Verilog Hdl                            ; --            ; --          ; eda_simulation ;
; EDA_SIMULATION_TOOL                 ; ModelSim-Altera (Verilog)              ; <None>        ; --          ; --             ;
; EDA_TIME_SCALE                      ; 1 ps                                   ; --            ; --          ; eda_simulation ;
; MAX_CORE_JUNCTION_TEMP              ; 85                                     ; --            ; --          ; --             ;
; MIN_CORE_JUNCTION_TEMP              ; 0                                      ; --            ; --          ; --             ;
; PARTITION_COLOR                     ; -- (Not supported for targeted family) ; --            ; --          ; Top            ;
; PARTITION_FITTER_PRESERVATION_LEVEL ; -- (Not supported for targeted family) ; --            ; --          ; Top            ;
; PARTITION_NETLIST_TYPE              ; -- (Not supported for targeted family) ; --            ; --          ; Top            ;
; PROJECT_OUTPUT_DIRECTORY            ; output_files                           ; --            ; --          ; --             ;
+-------------------------------------+----------------------------------------+---------------+-------------+----------------+


+-------------------------------------------------------------------------------------------------------------------------------+
; Flow Elapsed Time                                                                                                             ;
+---------------------------+--------------+-------------------------+---------------------+------------------------------------+
; Module Name               ; Elapsed Time ; Average Processors Used ; Peak Virtual Memory ; Total CPU Time (on all processors) ;
+---------------------------+--------------+-------------------------+---------------------+------------------------------------+
; Analysis & Synthesis      ; 00:00:21     ; 1.0                     ; 690 MB              ; 00:00:41                           ;
; Fitter                    ; 00:01:03     ; 1.0                     ; 2452 MB             ; 00:01:35                           ;
; Assembler                 ; 00:00:12     ; 1.0                     ; 682 MB              ; 00:00:11                           ;
; TimeQuest Timing Analyzer ; 00:00:09     ; 1.1                     ; 986 MB              ; 00:00:09                           ;
; EDA Netlist Writer        ; 00:00:03     ; 1.0                     ; 597 MB              ; 00:00:03                           ;
; EDA Netlist Writer        ; 00:00:01     ; 1.0                     ; 570 MB              ; 00:00:02                           ;
; EDA Netlist Writer        ; 00:00:02     ; 1.0                     ; 578 MB              ; 00:00:02                           ;
; EDA Netlist Writer        ; 00:00:02     ; 1.0                     ; 570 MB              ; 00:00:02                           ;
; EDA Netlist Writer        ; 00:00:02     ; 1.0                     ; 579 MB              ; 00:00:02                           ;
; EDA Netlist Writer        ; 00:00:02     ; 1.0                     ; 570 MB              ; 00:00:02                           ;
; EDA Netlist Writer        ; 00:00:01     ; 1.0                     ; 578 MB              ; 00:00:02                           ;
; Total                     ; 00:01:58     ; --                      ; --                  ; 00:02:51                           ;
+---------------------------+--------------+-------------------------+---------------------+------------------------------------+


+----------------------------------------------------------------------------------------+
; Flow OS Summary                                                                        ;
+---------------------------+------------------+-----------+------------+----------------+
; Module Name               ; Machine Hostname ; OS Name   ; OS Version ; Processor type ;
+---------------------------+------------------+-----------+------------+----------------+
; Analysis & Synthesis      ; KaveriPC         ; Windows 7 ; 6.1        ; x86_64         ;
; Fitter                    ; KaveriPC         ; Windows 7 ; 6.1        ; x86_64         ;
; Assembler                 ; KaveriPC         ; Windows 7 ; 6.1        ; x86_64         ;
; TimeQuest Timing Analyzer ; KaveriPC         ; Windows 7 ; 6.1        ; x86_64         ;
; EDA Netlist Writer        ; KaveriPC         ; Windows 7 ; 6.1        ; x86_64         ;
; EDA Netlist Writer        ; KaveriPC         ; Windows 7 ; 6.1        ; x86_64         ;
; EDA Netlist Writer        ; KaveriPC         ; Windows 7 ; 6.1        ; x86_64         ;
; EDA Netlist Writer        ; KaveriPC         ; Windows 7 ; 6.1        ; x86_64         ;
; EDA Netlist Writer        ; KaveriPC         ; Windows 7 ; 6.1        ; x86_64         ;
; EDA Netlist Writer        ; KaveriPC         ; Windows 7 ; 6.1        ; x86_64         ;
; EDA Netlist Writer        ; KaveriPC         ; Windows 7 ; 6.1        ; x86_64         ;
+---------------------------+------------------+-----------+------------+----------------+


------------
; Flow Log ;
------------
quartus_map --read_settings_files=on --write_settings_files=off counter_16_bits_board -c counter_16_bits_board
quartus_fit --read_settings_files=off --write_settings_files=off counter_16_bits_board -c counter_16_bits_board
quartus_asm --read_settings_files=off --write_settings_files=off counter_16_bits_board -c counter_16_bits_board
quartus_sta counter_16_bits_board -c counter_16_bits_board
quartus_eda --read_settings_files=off --write_settings_files=off counter_16_bits_board -c counter_16_bits_board
quartus_eda --gen_testbench --tool=modelsim_oem --format=verilog --write_settings_files=off counter_16_bits_board -c counter_16_bits_board --vector_source="D:/Programy/Systemy wbudowane/ps5/zad2/Waveform.vwf" --testbench_file="D:/Programy/Systemy wbudowane/ps5/zad2/simulation/qsim/Waveform.vwf.vt"
quartus_eda --write_settings_files=off --simulation=on --functional=on --flatten_buses=off --tool=modelsim_oem --format=verilog --output_directory="D:/Programy/Systemy wbudowane/ps5/zad2/simulation/qsim/" counter_16_bits_board -c counter_16_bits_board
quartus_eda --gen_testbench --tool=modelsim_oem --format=verilog --write_settings_files=off counter_16_bits_board -c counter_16_bits_board --vector_source="D:/Programy/Systemy wbudowane/ps5/zad2/Waveform.vwf" --testbench_file="D:/Programy/Systemy wbudowane/ps5/zad2/simulation/qsim/Waveform.vwf.vt"
quartus_eda --write_settings_files=off --simulation=on --functional=on --flatten_buses=off --tool=modelsim_oem --format=verilog --output_directory="D:/Programy/Systemy wbudowane/ps5/zad2/simulation/qsim/" counter_16_bits_board -c counter_16_bits_board
quartus_eda --gen_testbench --tool=modelsim_oem --format=verilog --write_settings_files=off counter_16_bits_board -c counter_16_bits_board --vector_source="D:/Programy/Systemy wbudowane/ps5/zad2/Waveform.vwf" --testbench_file="D:/Programy/Systemy wbudowane/ps5/zad2/simulation/qsim/Waveform.vwf.vt"
quartus_eda --write_settings_files=off --simulation=on --functional=on --flatten_buses=off --tool=modelsim_oem --format=verilog --output_directory="D:/Programy/Systemy wbudowane/ps5/zad2/simulation/qsim/" counter_16_bits_board -c counter_16_bits_board



