Flow report for counter_modulo_k
Thu Apr 04 10:36:35 2019
Quartus Prime Version 17.1.0 Build 590 10/25/2017 SJ Lite Edition


---------------------
; Table of Contents ;
---------------------
  1. Legal Notice
  2. Flow Summary
  3. Flow Settings
  4. Flow Non-Default Global Settings
  5. Flow Elapsed Time
  6. Flow OS Summary
  7. Flow Log
  8. Flow Messages
  9. Flow Suppressed Messages



----------------
; Legal Notice ;
----------------
Copyright (C) 2017  Intel Corporation. All rights reserved.
Your use of Intel Corporation's design tools, logic functions 
and other software and tools, and its AMPP partner logic 
functions, and any output files from any of the foregoing 
(including device programming or simulation files), and any 
associated documentation or information are expressly subject 
to the terms and conditions of the Intel Program License 
Subscription Agreement, the Intel Quartus Prime License Agreement,
the Intel FPGA IP License Agreement, or other applicable license
agreement, including, without limitation, that your use is for
the sole purpose of programming logic devices manufactured by
Intel and sold by Intel or its authorized distributors.  Please
refer to the applicable agreement for further details.



+-------------------------------------------------------------------------------+
; Flow Summary                                                                  ;
+---------------------------------+---------------------------------------------+
; Flow Status                     ; Successful - Thu Apr 04 10:36:35 2019       ;
; Quartus Prime Version           ; 17.1.0 Build 590 10/25/2017 SJ Lite Edition ;
; Revision Name                   ; counter_modulo_k                            ;
; Top-level Entity Name           ; counter_modulo_k_board                      ;
; Family                          ; Cyclone V                                   ;
; Device                          ; 5CSEMA5F31C6                                ;
; Timing Models                   ; Final                                       ;
; Logic utilization (in ALMs)     ; 6 / 32,070 ( < 1 % )                        ;
; Total registers                 ; 5                                           ;
; Total pins                      ; 13 / 457 ( 3 % )                            ;
; Total virtual pins              ; 0                                           ;
; Total block memory bits         ; 0 / 4,065,280 ( 0 % )                       ;
; Total DSP Blocks                ; 0 / 87 ( 0 % )                              ;
; Total HSSI RX PCSs              ; 0                                           ;
; Total HSSI PMA RX Deserializers ; 0                                           ;
; Total HSSI TX PCSs              ; 0                                           ;
; Total HSSI PMA TX Serializers   ; 0                                           ;
; Total PLLs                      ; 0 / 6 ( 0 % )                               ;
; Total DLLs                      ; 0 / 4 ( 0 % )                               ;
+---------------------------------+---------------------------------------------+


+-----------------------------------------+
; Flow Settings                           ;
+-------------------+---------------------+
; Option            ; Setting             ;
+-------------------+---------------------+
; Start date & time ; 04/04/2019 10:34:30 ;
; Main task         ; Compilation         ;
; Revision Name     ; counter_modulo_k    ;
+-------------------+---------------------+


+-------------------------------------------------------------------------------------------------------------------------------------------+
; Flow Non-Default Global Settings                                                                                                          ;
+-------------------------------------+----------------------------------------+------------------+------------------------+----------------+
; Assignment Name                     ; Value                                  ; Default Value    ; Entity Name            ; Section Id     ;
+-------------------------------------+----------------------------------------+------------------+------------------------+----------------+
; COMPILER_SIGNATURE_ID               ; 88491848904580.155436686804520         ; --               ; --                     ; --             ;
; EDA_OUTPUT_DATA_FORMAT              ; Verilog Hdl                            ; --               ; --                     ; eda_simulation ;
; EDA_SIMULATION_TOOL                 ; ModelSim-Altera (Verilog)              ; <None>           ; --                     ; --             ;
; EDA_TIME_SCALE                      ; 1 ps                                   ; --               ; --                     ; eda_simulation ;
; MAX_CORE_JUNCTION_TEMP              ; 85                                     ; --               ; --                     ; --             ;
; MIN_CORE_JUNCTION_TEMP              ; 0                                      ; --               ; --                     ; --             ;
; PARTITION_COLOR                     ; -- (Not supported for targeted family) ; --               ; counter_modulo_k_board ; Top            ;
; PARTITION_FITTER_PRESERVATION_LEVEL ; -- (Not supported for targeted family) ; --               ; counter_modulo_k_board ; Top            ;
; PARTITION_NETLIST_TYPE              ; -- (Not supported for targeted family) ; --               ; counter_modulo_k_board ; Top            ;
; POWER_BOARD_THERMAL_MODEL           ; None (CONSERVATIVE)                    ; --               ; --                     ; --             ;
; POWER_PRESET_COOLING_SOLUTION       ; 23 MM HEAT SINK WITH 200 LFPM AIRFLOW  ; --               ; --                     ; --             ;
; PROJECT_OUTPUT_DIRECTORY            ; output_files                           ; --               ; --                     ; --             ;
; TOP_LEVEL_ENTITY                    ; counter_modulo_k_board                 ; counter_modulo_k ; --                     ; --             ;
+-------------------------------------+----------------------------------------+------------------+------------------------+----------------+


+-------------------------------------------------------------------------------------------------------------------------------+
; Flow Elapsed Time                                                                                                             ;
+---------------------------+--------------+-------------------------+---------------------+------------------------------------+
; Module Name               ; Elapsed Time ; Average Processors Used ; Peak Virtual Memory ; Total CPU Time (on all processors) ;
+---------------------------+--------------+-------------------------+---------------------+------------------------------------+
; Analysis & Synthesis      ; 00:00:22     ; 1.0                     ; 4820 MB             ; 00:00:48                           ;
; Fitter                    ; 00:01:01     ; 1.0                     ; 6282 MB             ; 00:01:35                           ;
; Assembler                 ; 00:00:19     ; 1.0                     ; 4851 MB             ; 00:00:16                           ;
; TimeQuest Timing Analyzer ; 00:00:14     ; 1.0                     ; 5133 MB             ; 00:00:13                           ;
; EDA Netlist Writer        ; 00:00:04     ; 1.0                     ; 4750 MB             ; 00:00:04                           ;
; Total                     ; 00:02:00     ; --                      ; --                  ; 00:02:56                           ;
+---------------------------+--------------+-------------------------+---------------------+------------------------------------+


+-----------------------------------------------------------------------------------------+
; Flow OS Summary                                                                         ;
+---------------------------+------------------+------------+------------+----------------+
; Module Name               ; Machine Hostname ; OS Name    ; OS Version ; Processor type ;
+---------------------------+------------------+------------+------------+----------------+
; Analysis & Synthesis      ; MazsakLaptop     ; Windows 10 ; 10.0       ; x86_64         ;
; Fitter                    ; MazsakLaptop     ; Windows 10 ; 10.0       ; x86_64         ;
; Assembler                 ; MazsakLaptop     ; Windows 10 ; 10.0       ; x86_64         ;
; TimeQuest Timing Analyzer ; MazsakLaptop     ; Windows 10 ; 10.0       ; x86_64         ;
; EDA Netlist Writer        ; MazsakLaptop     ; Windows 10 ; 10.0       ; x86_64         ;
+---------------------------+------------------+------------+------------+----------------+


------------
; Flow Log ;
------------
quartus_map --read_settings_files=on --write_settings_files=off counter_modulo_k -c counter_modulo_k
quartus_fit --read_settings_files=off --write_settings_files=off counter_modulo_k -c counter_modulo_k
quartus_asm --read_settings_files=off --write_settings_files=off counter_modulo_k -c counter_modulo_k
quartus_sta counter_modulo_k -c counter_modulo_k
quartus_eda --read_settings_files=off --write_settings_files=off counter_modulo_k -c counter_modulo_k



