Analysis & Synthesis report for binary_10_bits_BC_board
Thu Mar 28 12:16:24 2019
Quartus Prime Version 17.1.0 Build 590 10/25/2017 SJ Lite Edition


---------------------
; Table of Contents ;
---------------------
  1. Legal Notice
  2. Analysis & Synthesis Summary
  3. Analysis & Synthesis Settings
  4. Parallel Compilation
  5. Analysis & Synthesis Source Files Read
  6. Analysis & Synthesis Resource Usage Summary
  7. Analysis & Synthesis Resource Utilization by Entity
  8. General Register Statistics
  9. Parameter Settings for Inferred Entity Instance: binary_10_bits_BCD:ex1|lpm_divide:Mod0
 10. Parameter Settings for Inferred Entity Instance: binary_10_bits_BCD:ex1|lpm_divide:Mod2
 11. Parameter Settings for Inferred Entity Instance: binary_10_bits_BCD:ex1|lpm_divide:Div0
 12. Parameter Settings for Inferred Entity Instance: binary_10_bits_BCD:ex1|lpm_divide:Mod4
 13. Parameter Settings for Inferred Entity Instance: binary_10_bits_BCD:ex1|lpm_divide:Div1
 14. Parameter Settings for Inferred Entity Instance: binary_10_bits_BCD:ex1|lpm_divide:Div2
 15. Parameter Settings for Inferred Entity Instance: binary_10_bits_BCD:ex1|lpm_divide:Mod3
 16. Parameter Settings for Inferred Entity Instance: binary_10_bits_BCD:ex1|lpm_divide:Mod5
 17. Post-Synthesis Netlist Statistics for Top Partition
 18. Elapsed Time Per Partition
 19. Analysis & Synthesis Messages



----------------
; Legal Notice ;
----------------
Copyright (C) 2017  Intel Corporation. All rights reserved.
Your use of Intel Corporation's design tools, logic functions 
and other software and tools, and its AMPP partner logic 
functions, and any output files from any of the foregoing 
(including device programming or simulation files), and any 
associated documentation or information are expressly subject 
to the terms and conditions of the Intel Program License 
Subscription Agreement, the Intel Quartus Prime License Agreement,
the Intel FPGA IP License Agreement, or other applicable license
agreement, including, without limitation, that your use is for
the sole purpose of programming logic devices manufactured by
Intel and sold by Intel or its authorized distributors.  Please
refer to the applicable agreement for further details.



+-------------------------------------------------------------------------------+
; Analysis & Synthesis Summary                                                  ;
+---------------------------------+---------------------------------------------+
; Analysis & Synthesis Status     ; Successful - Thu Mar 28 12:16:24 2019       ;
; Quartus Prime Version           ; 17.1.0 Build 590 10/25/2017 SJ Lite Edition ;
; Revision Name                   ; binary_10_bits_BC_board                     ;
; Top-level Entity Name           ; binary_10_bits_BC_board                     ;
; Family                          ; Cyclone V                                   ;
; Logic utilization (in ALMs)     ; N/A                                         ;
; Total registers                 ; 0                                           ;
; Total pins                      ; 48                                          ;
; Total virtual pins              ; 0                                           ;
; Total block memory bits         ; 0                                           ;
; Total DSP Blocks                ; 0                                           ;
; Total HSSI RX PCSs              ; 0                                           ;
; Total HSSI PMA RX Deserializers ; 0                                           ;
; Total HSSI TX PCSs              ; 0                                           ;
; Total HSSI PMA TX Serializers   ; 0                                           ;
; Total PLLs                      ; 0                                           ;
; Total DLLs                      ; 0                                           ;
+---------------------------------+---------------------------------------------+


+-------------------------------------------------------------------------------------------------------------------------------------+
; Analysis & Synthesis Settings                                                                                                       ;
+---------------------------------------------------------------------------------+-------------------------+-------------------------+
; Option                                                                          ; Setting                 ; Default Value           ;
+---------------------------------------------------------------------------------+-------------------------+-------------------------+
; Device                                                                          ; 5CSEMA5F31C6            ;                         ;
; Top-level entity name                                                           ; binary_10_bits_BC_board ; binary_10_bits_BC_board ;
; Family name                                                                     ; Cyclone V               ; Cyclone V               ;
; Use smart compilation                                                           ; Off                     ; Off                     ;
; Enable parallel Assembler and TimeQuest Timing Analyzer during compilation      ; On                      ; On                      ;
; Enable compact report table                                                     ; Off                     ; Off                     ;
; Restructure Multiplexers                                                        ; Auto                    ; Auto                    ;
; MLAB Add Timing Constraints For Mixed-Port Feed-Through Mode Setting Don't Care ; Off                     ; Off                     ;
; Create Debugging Nodes for IP Cores                                             ; Off                     ; Off                     ;
; Preserve fewer node names                                                       ; On                      ; On                      ;
; Intel FPGA IP Evaluation Mode                                                   ; Enable                  ; Enable                  ;
; Verilog Version                                                                 ; Verilog_2001            ; Verilog_2001            ;
; VHDL Version                                                                    ; VHDL_1993               ; VHDL_1993               ;
; State Machine Processing                                                        ; Auto                    ; Auto                    ;
; Safe State Machine                                                              ; Off                     ; Off                     ;
; Extract Verilog State Machines                                                  ; On                      ; On                      ;
; Extract VHDL State Machines                                                     ; On                      ; On                      ;
; Ignore Verilog initial constructs                                               ; Off                     ; Off                     ;
; Iteration limit for constant Verilog loops                                      ; 5000                    ; 5000                    ;
; Iteration limit for non-constant Verilog loops                                  ; 250                     ; 250                     ;
; Add Pass-Through Logic to Inferred RAMs                                         ; On                      ; On                      ;
; Infer RAMs from Raw Logic                                                       ; On                      ; On                      ;
; Parallel Synthesis                                                              ; On                      ; On                      ;
; DSP Block Balancing                                                             ; Auto                    ; Auto                    ;
; NOT Gate Push-Back                                                              ; On                      ; On                      ;
; Power-Up Don't Care                                                             ; On                      ; On                      ;
; Remove Redundant Logic Cells                                                    ; Off                     ; Off                     ;
; Remove Duplicate Registers                                                      ; On                      ; On                      ;
; Ignore CARRY Buffers                                                            ; Off                     ; Off                     ;
; Ignore CASCADE Buffers                                                          ; Off                     ; Off                     ;
; Ignore GLOBAL Buffers                                                           ; Off                     ; Off                     ;
; Ignore ROW GLOBAL Buffers                                                       ; Off                     ; Off                     ;
; Ignore LCELL Buffers                                                            ; Off                     ; Off                     ;
; Ignore SOFT Buffers                                                             ; On                      ; On                      ;
; Limit AHDL Integers to 32 Bits                                                  ; Off                     ; Off                     ;
; Optimization Technique                                                          ; Balanced                ; Balanced                ;
; Carry Chain Length                                                              ; 70                      ; 70                      ;
; Auto Carry Chains                                                               ; On                      ; On                      ;
; Auto Open-Drain Pins                                                            ; On                      ; On                      ;
; Perform WYSIWYG Primitive Resynthesis                                           ; Off                     ; Off                     ;
; Auto ROM Replacement                                                            ; On                      ; On                      ;
; Auto RAM Replacement                                                            ; On                      ; On                      ;
; Auto DSP Block Replacement                                                      ; On                      ; On                      ;
; Auto Shift Register Replacement                                                 ; Auto                    ; Auto                    ;
; Allow Shift Register Merging across Hierarchies                                 ; Auto                    ; Auto                    ;
; Auto Clock Enable Replacement                                                   ; On                      ; On                      ;
; Strict RAM Replacement                                                          ; Off                     ; Off                     ;
; Allow Synchronous Control Signals                                               ; On                      ; On                      ;
; Force Use of Synchronous Clear Signals                                          ; Off                     ; Off                     ;
; Auto Resource Sharing                                                           ; Off                     ; Off                     ;
; Allow Any RAM Size For Recognition                                              ; Off                     ; Off                     ;
; Allow Any ROM Size For Recognition                                              ; Off                     ; Off                     ;
; Allow Any Shift Register Size For Recognition                                   ; Off                     ; Off                     ;
; Use LogicLock Constraints during Resource Balancing                             ; On                      ; On                      ;
; Ignore translate_off and synthesis_off directives                               ; Off                     ; Off                     ;
; Timing-Driven Synthesis                                                         ; On                      ; On                      ;
; Report Parameter Settings                                                       ; On                      ; On                      ;
; Report Source Assignments                                                       ; On                      ; On                      ;
; Report Connectivity Checks                                                      ; On                      ; On                      ;
; Ignore Maximum Fan-Out Assignments                                              ; Off                     ; Off                     ;
; Synchronization Register Chain Length                                           ; 3                       ; 3                       ;
; Power Optimization During Synthesis                                             ; Normal compilation      ; Normal compilation      ;
; HDL message level                                                               ; Level2                  ; Level2                  ;
; Suppress Register Optimization Related Messages                                 ; Off                     ; Off                     ;
; Number of Removed Registers Reported in Synthesis Report                        ; 5000                    ; 5000                    ;
; Number of Swept Nodes Reported in Synthesis Report                              ; 5000                    ; 5000                    ;
; Number of Inverted Registers Reported in Synthesis Report                       ; 100                     ; 100                     ;
; Clock MUX Protection                                                            ; On                      ; On                      ;
; Auto Gated Clock Conversion                                                     ; Off                     ; Off                     ;
; Block Design Naming                                                             ; Auto                    ; Auto                    ;
; SDC constraint protection                                                       ; Off                     ; Off                     ;
; Synthesis Effort                                                                ; Auto                    ; Auto                    ;
; Shift Register Replacement - Allow Asynchronous Clear Signal                    ; On                      ; On                      ;
; Pre-Mapping Resynthesis Optimization                                            ; Off                     ; Off                     ;
; Analysis & Synthesis Message Level                                              ; Medium                  ; Medium                  ;
; Disable Register Merging Across Hierarchies                                     ; Auto                    ; Auto                    ;
; Resource Aware Inference For Block RAM                                          ; On                      ; On                      ;
; Automatic Parallel Synthesis                                                    ; On                      ; On                      ;
; Partial Reconfiguration Bitstream ID                                            ; Off                     ; Off                     ;
+---------------------------------------------------------------------------------+-------------------------+-------------------------+


+------------------------------------------+
; Parallel Compilation                     ;
+----------------------------+-------------+
; Processors                 ; Number      ;
+----------------------------+-------------+
; Number detected on machine ; 4           ;
; Maximum allowed            ; 2           ;
;                            ;             ;
; Average used               ; 1.00        ;
; Maximum used               ; 1           ;
;                            ;             ;
; Usage by Processor         ; % Time Used ;
;     Processor 1            ; 100.0%      ;
+----------------------------+-------------+


+-----------------------------------------------------------------------------------------------------------------------------------------------------------------------+
; Analysis & Synthesis Source Files Read                                                                                                                                ;
+----------------------------------+-----------------+------------------------------+-------------------------------------------------------------------------+---------+
; File Name with User-Entered Path ; Used in Netlist ; File Type                    ; File Name with Absolute Path                                            ; Library ;
+----------------------------------+-----------------+------------------------------+-------------------------------------------------------------------------+---------+
; binary_10_bits_BC_board.v        ; yes             ; User Verilog HDL File        ; D:/Projects/SW/ps3/zad8/binary_10_bits_BC_board.v                       ;         ;
; lpm_divide.tdf                   ; yes             ; Megafunction                 ; d:/programs/quartus/quartus/libraries/megafunctions/lpm_divide.tdf      ;         ;
; abs_divider.inc                  ; yes             ; Megafunction                 ; d:/programs/quartus/quartus/libraries/megafunctions/abs_divider.inc     ;         ;
; sign_div_unsign.inc              ; yes             ; Megafunction                 ; d:/programs/quartus/quartus/libraries/megafunctions/sign_div_unsign.inc ;         ;
; aglobal171.inc                   ; yes             ; Megafunction                 ; d:/programs/quartus/quartus/libraries/megafunctions/aglobal171.inc      ;         ;
; db/lpm_divide_h3m.tdf            ; yes             ; Auto-Generated Megafunction  ; D:/Projects/SW/ps3/zad8/db/lpm_divide_h3m.tdf                           ;         ;
; db/sign_div_unsign_klh.tdf       ; yes             ; Auto-Generated Megafunction  ; D:/Projects/SW/ps3/zad8/db/sign_div_unsign_klh.tdf                      ;         ;
; db/alt_u_div_eve.tdf             ; yes             ; Auto-Generated Megafunction  ; D:/Projects/SW/ps3/zad8/db/alt_u_div_eve.tdf                            ;         ;
; db/lpm_divide_o3m.tdf            ; yes             ; Auto-Generated Megafunction  ; D:/Projects/SW/ps3/zad8/db/lpm_divide_o3m.tdf                           ;         ;
; db/sign_div_unsign_rlh.tdf       ; yes             ; Auto-Generated Megafunction  ; D:/Projects/SW/ps3/zad8/db/sign_div_unsign_rlh.tdf                      ;         ;
; db/alt_u_div_sve.tdf             ; yes             ; Auto-Generated Megafunction  ; D:/Projects/SW/ps3/zad8/db/alt_u_div_sve.tdf                            ;         ;
; db/lpm_divide_4am.tdf            ; yes             ; Auto-Generated Megafunction  ; D:/Projects/SW/ps3/zad8/db/lpm_divide_4am.tdf                           ;         ;
; db/sign_div_unsign_akh.tdf       ; yes             ; Auto-Generated Megafunction  ; D:/Projects/SW/ps3/zad8/db/sign_div_unsign_akh.tdf                      ;         ;
; db/alt_u_div_qse.tdf             ; yes             ; Auto-Generated Megafunction  ; D:/Projects/SW/ps3/zad8/db/alt_u_div_qse.tdf                            ;         ;
; db/lpm_divide_25m.tdf            ; yes             ; Auto-Generated Megafunction  ; D:/Projects/SW/ps3/zad8/db/lpm_divide_25m.tdf                           ;         ;
; db/sign_div_unsign_5nh.tdf       ; yes             ; Auto-Generated Megafunction  ; D:/Projects/SW/ps3/zad8/db/sign_div_unsign_5nh.tdf                      ;         ;
; db/alt_u_div_g2f.tdf             ; yes             ; Auto-Generated Megafunction  ; D:/Projects/SW/ps3/zad8/db/alt_u_div_g2f.tdf                            ;         ;
; db/lpm_divide_hbm.tdf            ; yes             ; Auto-Generated Megafunction  ; D:/Projects/SW/ps3/zad8/db/lpm_divide_hbm.tdf                           ;         ;
; db/sign_div_unsign_nlh.tdf       ; yes             ; Auto-Generated Megafunction  ; D:/Projects/SW/ps3/zad8/db/sign_div_unsign_nlh.tdf                      ;         ;
; db/alt_u_div_kve.tdf             ; yes             ; Auto-Generated Megafunction  ; D:/Projects/SW/ps3/zad8/db/alt_u_div_kve.tdf                            ;         ;
; db/lpm_divide_vcm.tdf            ; yes             ; Auto-Generated Megafunction  ; D:/Projects/SW/ps3/zad8/db/lpm_divide_vcm.tdf                           ;         ;
; db/lpm_divide_k3m.tdf            ; yes             ; Auto-Generated Megafunction  ; D:/Projects/SW/ps3/zad8/db/lpm_divide_k3m.tdf                           ;         ;
; db/lpm_divide_u4m.tdf            ; yes             ; Auto-Generated Megafunction  ; D:/Projects/SW/ps3/zad8/db/lpm_divide_u4m.tdf                           ;         ;
; db/sign_div_unsign_1nh.tdf       ; yes             ; Auto-Generated Megafunction  ; D:/Projects/SW/ps3/zad8/db/sign_div_unsign_1nh.tdf                      ;         ;
; db/alt_u_div_82f.tdf             ; yes             ; Auto-Generated Megafunction  ; D:/Projects/SW/ps3/zad8/db/alt_u_div_82f.tdf                            ;         ;
+----------------------------------+-----------------+------------------------------+-------------------------------------------------------------------------+---------+


+------------------------------------------------------------------------------------------------------------------------------------------------------------------------------+
; Analysis & Synthesis Resource Usage Summary                                                                                                                                  ;
+---------------------------------------------+--------------------------------------------------------------------------------------------------------------------------------+
; Resource                                    ; Usage                                                                                                                          ;
+---------------------------------------------+--------------------------------------------------------------------------------------------------------------------------------+
; Estimate of Logic utilization (ALMs needed) ; 492                                                                                                                            ;
;                                             ;                                                                                                                                ;
; Combinational ALUT usage for logic          ; 978                                                                                                                            ;
;     -- 7 input functions                    ; 0                                                                                                                              ;
;     -- 6 input functions                    ; 5                                                                                                                              ;
;     -- 5 input functions                    ; 6                                                                                                                              ;
;     -- 4 input functions                    ; 226                                                                                                                            ;
;     -- <=3 input functions                  ; 741                                                                                                                            ;
;                                             ;                                                                                                                                ;
; Dedicated logic registers                   ; 0                                                                                                                              ;
;                                             ;                                                                                                                                ;
; I/O pins                                    ; 48                                                                                                                             ;
;                                             ;                                                                                                                                ;
; Total DSP Blocks                            ; 0                                                                                                                              ;
;                                             ;                                                                                                                                ;
; Maximum fan-out node                        ; binary_10_bits_BCD:ex1|lpm_divide:Div2|lpm_divide_vcm:auto_generated|sign_div_unsign_5nh:divider|alt_u_div_g2f:divider|op_23~1 ;
; Maximum fan-out                             ; 30                                                                                                                             ;
; Total fan-out                               ; 3015                                                                                                                           ;
; Average fan-out                             ; 2.81                                                                                                                           ;
+---------------------------------------------+--------------------------------------------------------------------------------------------------------------------------------+


+-----------------------------------------------------------------------------------------------------------------------------------------------------------------------------------------------------------------------------------------------------------------------------------------------------------------------------------------------+
; Analysis & Synthesis Resource Utilization by Entity                                                                                                                                                                                                                                                                                           ;
+-------------------------------------------+---------------------+---------------------------+-------------------+------------+------+--------------+-------------------------------------------------------------------------------------------------------------------------------------------------+-------------------------+--------------+
; Compilation Hierarchy Node                ; Combinational ALUTs ; Dedicated Logic Registers ; Block Memory Bits ; DSP Blocks ; Pins ; Virtual Pins ; Full Hierarchy Name                                                                                                                             ; Entity Name             ; Library Name ;
+-------------------------------------------+---------------------+---------------------------+-------------------+------------+------+--------------+-------------------------------------------------------------------------------------------------------------------------------------------------+-------------------------+--------------+
; |binary_10_bits_BC_board                  ; 978 (0)             ; 0 (0)                     ; 0                 ; 0          ; 48   ; 0            ; |binary_10_bits_BC_board                                                                                                                        ; binary_10_bits_BC_board ; work         ;
;    |binary_10_bits_BCD:ex1|               ; 978 (33)            ; 0 (0)                     ; 0                 ; 0          ; 0    ; 0            ; |binary_10_bits_BC_board|binary_10_bits_BCD:ex1                                                                                                 ; binary_10_bits_BCD      ; work         ;
;       |decoder_hex_10:ex2|                ; 7 (7)               ; 0 (0)                     ; 0                 ; 0          ; 0    ; 0            ; |binary_10_bits_BC_board|binary_10_bits_BCD:ex1|decoder_hex_10:ex2                                                                              ; decoder_hex_10          ; work         ;
;       |decoder_hex_10:ex3|                ; 7 (7)               ; 0 (0)                     ; 0                 ; 0          ; 0    ; 0            ; |binary_10_bits_BC_board|binary_10_bits_BCD:ex1|decoder_hex_10:ex3                                                                              ; decoder_hex_10          ; work         ;
;       |decoder_hex_10:ex4|                ; 7 (7)               ; 0 (0)                     ; 0                 ; 0          ; 0    ; 0            ; |binary_10_bits_BC_board|binary_10_bits_BCD:ex1|decoder_hex_10:ex4                                                                              ; decoder_hex_10          ; work         ;
;       |decoder_hex_10:ex5|                ; 7 (7)               ; 0 (0)                     ; 0                 ; 0          ; 0    ; 0            ; |binary_10_bits_BC_board|binary_10_bits_BCD:ex1|decoder_hex_10:ex5                                                                              ; decoder_hex_10          ; work         ;
;       |lpm_divide:Div0|                   ; 36 (0)              ; 0 (0)                     ; 0                 ; 0          ; 0    ; 0            ; |binary_10_bits_BC_board|binary_10_bits_BCD:ex1|lpm_divide:Div0                                                                                 ; lpm_divide              ; work         ;
;          |lpm_divide_4am:auto_generated|  ; 36 (0)              ; 0 (0)                     ; 0                 ; 0          ; 0    ; 0            ; |binary_10_bits_BC_board|binary_10_bits_BCD:ex1|lpm_divide:Div0|lpm_divide_4am:auto_generated                                                   ; lpm_divide_4am          ; work         ;
;             |sign_div_unsign_akh:divider| ; 36 (0)              ; 0 (0)                     ; 0                 ; 0          ; 0    ; 0            ; |binary_10_bits_BC_board|binary_10_bits_BCD:ex1|lpm_divide:Div0|lpm_divide_4am:auto_generated|sign_div_unsign_akh:divider                       ; sign_div_unsign_akh     ; work         ;
;                |alt_u_div_qse:divider|    ; 36 (36)             ; 0 (0)                     ; 0                 ; 0          ; 0    ; 0            ; |binary_10_bits_BC_board|binary_10_bits_BCD:ex1|lpm_divide:Div0|lpm_divide_4am:auto_generated|sign_div_unsign_akh:divider|alt_u_div_qse:divider ; alt_u_div_qse           ; work         ;
;       |lpm_divide:Div1|                   ; 59 (0)              ; 0 (0)                     ; 0                 ; 0          ; 0    ; 0            ; |binary_10_bits_BC_board|binary_10_bits_BCD:ex1|lpm_divide:Div1                                                                                 ; lpm_divide              ; work         ;
;          |lpm_divide_hbm:auto_generated|  ; 59 (0)              ; 0 (0)                     ; 0                 ; 0          ; 0    ; 0            ; |binary_10_bits_BC_board|binary_10_bits_BCD:ex1|lpm_divide:Div1|lpm_divide_hbm:auto_generated                                                   ; lpm_divide_hbm          ; work         ;
;             |sign_div_unsign_nlh:divider| ; 59 (0)              ; 0 (0)                     ; 0                 ; 0          ; 0    ; 0            ; |binary_10_bits_BC_board|binary_10_bits_BCD:ex1|lpm_divide:Div1|lpm_divide_hbm:auto_generated|sign_div_unsign_nlh:divider                       ; sign_div_unsign_nlh     ; work         ;
;                |alt_u_div_kve:divider|    ; 59 (59)             ; 0 (0)                     ; 0                 ; 0          ; 0    ; 0            ; |binary_10_bits_BC_board|binary_10_bits_BCD:ex1|lpm_divide:Div1|lpm_divide_hbm:auto_generated|sign_div_unsign_nlh:divider|alt_u_div_kve:divider ; alt_u_div_kve           ; work         ;
;       |lpm_divide:Div2|                   ; 228 (0)             ; 0 (0)                     ; 0                 ; 0          ; 0    ; 0            ; |binary_10_bits_BC_board|binary_10_bits_BCD:ex1|lpm_divide:Div2                                                                                 ; lpm_divide              ; work         ;
;          |lpm_divide_vcm:auto_generated|  ; 228 (0)             ; 0 (0)                     ; 0                 ; 0          ; 0    ; 0            ; |binary_10_bits_BC_board|binary_10_bits_BCD:ex1|lpm_divide:Div2|lpm_divide_vcm:auto_generated                                                   ; lpm_divide_vcm          ; work         ;
;             |sign_div_unsign_5nh:divider| ; 228 (0)             ; 0 (0)                     ; 0                 ; 0          ; 0    ; 0            ; |binary_10_bits_BC_board|binary_10_bits_BCD:ex1|lpm_divide:Div2|lpm_divide_vcm:auto_generated|sign_div_unsign_5nh:divider                       ; sign_div_unsign_5nh     ; work         ;
;                |alt_u_div_g2f:divider|    ; 228 (228)           ; 0 (0)                     ; 0                 ; 0          ; 0    ; 0            ; |binary_10_bits_BC_board|binary_10_bits_BCD:ex1|lpm_divide:Div2|lpm_divide_vcm:auto_generated|sign_div_unsign_5nh:divider|alt_u_div_g2f:divider ; alt_u_div_g2f           ; work         ;
;       |lpm_divide:Mod0|                   ; 77 (0)              ; 0 (0)                     ; 0                 ; 0          ; 0    ; 0            ; |binary_10_bits_BC_board|binary_10_bits_BCD:ex1|lpm_divide:Mod0                                                                                 ; lpm_divide              ; work         ;
;          |lpm_divide_h3m:auto_generated|  ; 77 (0)              ; 0 (0)                     ; 0                 ; 0          ; 0    ; 0            ; |binary_10_bits_BC_board|binary_10_bits_BCD:ex1|lpm_divide:Mod0|lpm_divide_h3m:auto_generated                                                   ; lpm_divide_h3m          ; work         ;
;             |sign_div_unsign_klh:divider| ; 77 (0)              ; 0 (0)                     ; 0                 ; 0          ; 0    ; 0            ; |binary_10_bits_BC_board|binary_10_bits_BCD:ex1|lpm_divide:Mod0|lpm_divide_h3m:auto_generated|sign_div_unsign_klh:divider                       ; sign_div_unsign_klh     ; work         ;
;                |alt_u_div_eve:divider|    ; 77 (77)             ; 0 (0)                     ; 0                 ; 0          ; 0    ; 0            ; |binary_10_bits_BC_board|binary_10_bits_BCD:ex1|lpm_divide:Mod0|lpm_divide_h3m:auto_generated|sign_div_unsign_klh:divider|alt_u_div_eve:divider ; alt_u_div_eve           ; work         ;
;       |lpm_divide:Mod2|                   ; 185 (0)             ; 0 (0)                     ; 0                 ; 0          ; 0    ; 0            ; |binary_10_bits_BC_board|binary_10_bits_BCD:ex1|lpm_divide:Mod2                                                                                 ; lpm_divide              ; work         ;
;          |lpm_divide_o3m:auto_generated|  ; 185 (0)             ; 0 (0)                     ; 0                 ; 0          ; 0    ; 0            ; |binary_10_bits_BC_board|binary_10_bits_BCD:ex1|lpm_divide:Mod2|lpm_divide_o3m:auto_generated                                                   ; lpm_divide_o3m          ; work         ;
;             |sign_div_unsign_rlh:divider| ; 185 (0)             ; 0 (0)                     ; 0                 ; 0          ; 0    ; 0            ; |binary_10_bits_BC_board|binary_10_bits_BCD:ex1|lpm_divide:Mod2|lpm_divide_o3m:auto_generated|sign_div_unsign_rlh:divider                       ; sign_div_unsign_rlh     ; work         ;
;                |alt_u_div_sve:divider|    ; 185 (185)           ; 0 (0)                     ; 0                 ; 0          ; 0    ; 0            ; |binary_10_bits_BC_board|binary_10_bits_BCD:ex1|lpm_divide:Mod2|lpm_divide_o3m:auto_generated|sign_div_unsign_rlh:divider|alt_u_div_sve:divider ; alt_u_div_sve           ; work         ;
;       |lpm_divide:Mod3|                   ; 66 (0)              ; 0 (0)                     ; 0                 ; 0          ; 0    ; 0            ; |binary_10_bits_BC_board|binary_10_bits_BCD:ex1|lpm_divide:Mod3                                                                                 ; lpm_divide              ; work         ;
;          |lpm_divide_k3m:auto_generated|  ; 66 (0)              ; 0 (0)                     ; 0                 ; 0          ; 0    ; 0            ; |binary_10_bits_BC_board|binary_10_bits_BCD:ex1|lpm_divide:Mod3|lpm_divide_k3m:auto_generated                                                   ; lpm_divide_k3m          ; work         ;
;             |sign_div_unsign_nlh:divider| ; 66 (0)              ; 0 (0)                     ; 0                 ; 0          ; 0    ; 0            ; |binary_10_bits_BC_board|binary_10_bits_BCD:ex1|lpm_divide:Mod3|lpm_divide_k3m:auto_generated|sign_div_unsign_nlh:divider                       ; sign_div_unsign_nlh     ; work         ;
;                |alt_u_div_kve:divider|    ; 66 (66)             ; 0 (0)                     ; 0                 ; 0          ; 0    ; 0            ; |binary_10_bits_BC_board|binary_10_bits_BCD:ex1|lpm_divide:Mod3|lpm_divide_k3m:auto_generated|sign_div_unsign_nlh:divider|alt_u_div_kve:divider ; alt_u_div_kve           ; work         ;
;       |lpm_divide:Mod4|                   ; 255 (0)             ; 0 (0)                     ; 0                 ; 0          ; 0    ; 0            ; |binary_10_bits_BC_board|binary_10_bits_BCD:ex1|lpm_divide:Mod4                                                                                 ; lpm_divide              ; work         ;
;          |lpm_divide_25m:auto_generated|  ; 255 (0)             ; 0 (0)                     ; 0                 ; 0          ; 0    ; 0            ; |binary_10_bits_BC_board|binary_10_bits_BCD:ex1|lpm_divide:Mod4|lpm_divide_25m:auto_generated                                                   ; lpm_divide_25m          ; work         ;
;             |sign_div_unsign_5nh:divider| ; 255 (0)             ; 0 (0)                     ; 0                 ; 0          ; 0    ; 0            ; |binary_10_bits_BC_board|binary_10_bits_BCD:ex1|lpm_divide:Mod4|lpm_divide_25m:auto_generated|sign_div_unsign_5nh:divider                       ; sign_div_unsign_5nh     ; work         ;
;                |alt_u_div_g2f:divider|    ; 255 (255)           ; 0 (0)                     ; 0                 ; 0          ; 0    ; 0            ; |binary_10_bits_BC_board|binary_10_bits_BCD:ex1|lpm_divide:Mod4|lpm_divide_25m:auto_generated|sign_div_unsign_5nh:divider|alt_u_div_g2f:divider ; alt_u_div_g2f           ; work         ;
;       |lpm_divide:Mod5|                   ; 11 (0)              ; 0 (0)                     ; 0                 ; 0          ; 0    ; 0            ; |binary_10_bits_BC_board|binary_10_bits_BCD:ex1|lpm_divide:Mod5                                                                                 ; lpm_divide              ; work         ;
;          |lpm_divide_u4m:auto_generated|  ; 11 (0)              ; 0 (0)                     ; 0                 ; 0          ; 0    ; 0            ; |binary_10_bits_BC_board|binary_10_bits_BCD:ex1|lpm_divide:Mod5|lpm_divide_u4m:auto_generated                                                   ; lpm_divide_u4m          ; work         ;
;             |sign_div_unsign_1nh:divider| ; 11 (0)              ; 0 (0)                     ; 0                 ; 0          ; 0    ; 0            ; |binary_10_bits_BC_board|binary_10_bits_BCD:ex1|lpm_divide:Mod5|lpm_divide_u4m:auto_generated|sign_div_unsign_1nh:divider                       ; sign_div_unsign_1nh     ; work         ;
;                |alt_u_div_82f:divider|    ; 11 (11)             ; 0 (0)                     ; 0                 ; 0          ; 0    ; 0            ; |binary_10_bits_BC_board|binary_10_bits_BCD:ex1|lpm_divide:Mod5|lpm_divide_u4m:auto_generated|sign_div_unsign_1nh:divider|alt_u_div_82f:divider ; alt_u_div_82f           ; work         ;
+-------------------------------------------+---------------------+---------------------------+-------------------+------------+------+--------------+-------------------------------------------------------------------------------------------------------------------------------------------------+-------------------------+--------------+
Note: For table entries with two numbers listed, the numbers in parentheses indicate the number of resources of the given type used by the specific entity alone. The numbers listed outside of parentheses indicate the total resources of the given type used by the specific entity and all of its sub-entities in the hierarchy.


+------------------------------------------------------+
; General Register Statistics                          ;
+----------------------------------------------+-------+
; Statistic                                    ; Value ;
+----------------------------------------------+-------+
; Total registers                              ; 0     ;
; Number of registers using Synchronous Clear  ; 0     ;
; Number of registers using Synchronous Load   ; 0     ;
; Number of registers using Asynchronous Clear ; 0     ;
; Number of registers using Asynchronous Load  ; 0     ;
; Number of registers using Clock Enable       ; 0     ;
; Number of registers using Preset             ; 0     ;
+----------------------------------------------+-------+


+-----------------------------------------------------------------------------------------+
; Parameter Settings for Inferred Entity Instance: binary_10_bits_BCD:ex1|lpm_divide:Mod0 ;
+------------------------+----------------+-----------------------------------------------+
; Parameter Name         ; Value          ; Type                                          ;
+------------------------+----------------+-----------------------------------------------+
; LPM_WIDTHN             ; 10             ; Untyped                                       ;
; LPM_WIDTHD             ; 4              ; Untyped                                       ;
; LPM_NREPRESENTATION    ; UNSIGNED       ; Untyped                                       ;
; LPM_DREPRESENTATION    ; UNSIGNED       ; Untyped                                       ;
; LPM_PIPELINE           ; 0              ; Untyped                                       ;
; LPM_REMAINDERPOSITIVE  ; TRUE           ; Untyped                                       ;
; MAXIMIZE_SPEED         ; 5              ; Untyped                                       ;
; CBXI_PARAMETER         ; lpm_divide_h3m ; Untyped                                       ;
; CARRY_CHAIN            ; MANUAL         ; Untyped                                       ;
; OPTIMIZE_FOR_SPEED     ; 5              ; Untyped                                       ;
; AUTO_CARRY_CHAINS      ; ON             ; AUTO_CARRY                                    ;
; IGNORE_CARRY_BUFFERS   ; OFF            ; IGNORE_CARRY                                  ;
; AUTO_CASCADE_CHAINS    ; ON             ; AUTO_CASCADE                                  ;
; IGNORE_CASCADE_BUFFERS ; OFF            ; IGNORE_CASCADE                                ;
+------------------------+----------------+-----------------------------------------------+
Note: In order to hide this table in the UI and the text report file, please set the "Show Parameter Settings in Synthesis Report" option in "Analysis and Synthesis Settings -> More Settings" to "Off".


+-----------------------------------------------------------------------------------------+
; Parameter Settings for Inferred Entity Instance: binary_10_bits_BCD:ex1|lpm_divide:Mod2 ;
+------------------------+----------------+-----------------------------------------------+
; Parameter Name         ; Value          ; Type                                          ;
+------------------------+----------------+-----------------------------------------------+
; LPM_WIDTHN             ; 32             ; Untyped                                       ;
; LPM_WIDTHD             ; 7              ; Untyped                                       ;
; LPM_NREPRESENTATION    ; UNSIGNED       ; Untyped                                       ;
; LPM_DREPRESENTATION    ; UNSIGNED       ; Untyped                                       ;
; LPM_PIPELINE           ; 0              ; Untyped                                       ;
; LPM_REMAINDERPOSITIVE  ; TRUE           ; Untyped                                       ;
; MAXIMIZE_SPEED         ; 5              ; Untyped                                       ;
; CBXI_PARAMETER         ; lpm_divide_o3m ; Untyped                                       ;
; CARRY_CHAIN            ; MANUAL         ; Untyped                                       ;
; OPTIMIZE_FOR_SPEED     ; 5              ; Untyped                                       ;
; AUTO_CARRY_CHAINS      ; ON             ; AUTO_CARRY                                    ;
; IGNORE_CARRY_BUFFERS   ; OFF            ; IGNORE_CARRY                                  ;
; AUTO_CASCADE_CHAINS    ; ON             ; AUTO_CASCADE                                  ;
; IGNORE_CASCADE_BUFFERS ; OFF            ; IGNORE_CASCADE                                ;
+------------------------+----------------+-----------------------------------------------+
Note: In order to hide this table in the UI and the text report file, please set the "Show Parameter Settings in Synthesis Report" option in "Analysis and Synthesis Settings -> More Settings" to "Off".


+-----------------------------------------------------------------------------------------+
; Parameter Settings for Inferred Entity Instance: binary_10_bits_BCD:ex1|lpm_divide:Div0 ;
+------------------------+----------------+-----------------------------------------------+
; Parameter Name         ; Value          ; Type                                          ;
+------------------------+----------------+-----------------------------------------------+
; LPM_WIDTHN             ; 7              ; Untyped                                       ;
; LPM_WIDTHD             ; 4              ; Untyped                                       ;
; LPM_NREPRESENTATION    ; UNSIGNED       ; Untyped                                       ;
; LPM_DREPRESENTATION    ; UNSIGNED       ; Untyped                                       ;
; LPM_PIPELINE           ; 0              ; Untyped                                       ;
; LPM_REMAINDERPOSITIVE  ; TRUE           ; Untyped                                       ;
; MAXIMIZE_SPEED         ; 5              ; Untyped                                       ;
; CBXI_PARAMETER         ; lpm_divide_4am ; Untyped                                       ;
; CARRY_CHAIN            ; MANUAL         ; Untyped                                       ;
; OPTIMIZE_FOR_SPEED     ; 5              ; Untyped                                       ;
; AUTO_CARRY_CHAINS      ; ON             ; AUTO_CARRY                                    ;
; IGNORE_CARRY_BUFFERS   ; OFF            ; IGNORE_CARRY                                  ;
; AUTO_CASCADE_CHAINS    ; ON             ; AUTO_CASCADE                                  ;
; IGNORE_CASCADE_BUFFERS ; OFF            ; IGNORE_CASCADE                                ;
+------------------------+----------------+-----------------------------------------------+
Note: In order to hide this table in the UI and the text report file, please set the "Show Parameter Settings in Synthesis Report" option in "Analysis and Synthesis Settings -> More Settings" to "Off".


+-----------------------------------------------------------------------------------------+
; Parameter Settings for Inferred Entity Instance: binary_10_bits_BCD:ex1|lpm_divide:Mod4 ;
+------------------------+----------------+-----------------------------------------------+
; Parameter Name         ; Value          ; Type                                          ;
+------------------------+----------------+-----------------------------------------------+
; LPM_WIDTHN             ; 32             ; Untyped                                       ;
; LPM_WIDTHD             ; 10             ; Untyped                                       ;
; LPM_NREPRESENTATION    ; UNSIGNED       ; Untyped                                       ;
; LPM_DREPRESENTATION    ; UNSIGNED       ; Untyped                                       ;
; LPM_PIPELINE           ; 0              ; Untyped                                       ;
; LPM_REMAINDERPOSITIVE  ; TRUE           ; Untyped                                       ;
; MAXIMIZE_SPEED         ; 5              ; Untyped                                       ;
; CBXI_PARAMETER         ; lpm_divide_25m ; Untyped                                       ;
; CARRY_CHAIN            ; MANUAL         ; Untyped                                       ;
; OPTIMIZE_FOR_SPEED     ; 5              ; Untyped                                       ;
; AUTO_CARRY_CHAINS      ; ON             ; AUTO_CARRY                                    ;
; IGNORE_CARRY_BUFFERS   ; OFF            ; IGNORE_CARRY                                  ;
; AUTO_CASCADE_CHAINS    ; ON             ; AUTO_CASCADE                                  ;
; IGNORE_CASCADE_BUFFERS ; OFF            ; IGNORE_CASCADE                                ;
+------------------------+----------------+-----------------------------------------------+
Note: In order to hide this table in the UI and the text report file, please set the "Show Parameter Settings in Synthesis Report" option in "Analysis and Synthesis Settings -> More Settings" to "Off".


+-----------------------------------------------------------------------------------------+
; Parameter Settings for Inferred Entity Instance: binary_10_bits_BCD:ex1|lpm_divide:Div1 ;
+------------------------+----------------+-----------------------------------------------+
; Parameter Name         ; Value          ; Type                                          ;
+------------------------+----------------+-----------------------------------------------+
; LPM_WIDTHN             ; 10             ; Untyped                                       ;
; LPM_WIDTHD             ; 7              ; Untyped                                       ;
; LPM_NREPRESENTATION    ; UNSIGNED       ; Untyped                                       ;
; LPM_DREPRESENTATION    ; UNSIGNED       ; Untyped                                       ;
; LPM_PIPELINE           ; 0              ; Untyped                                       ;
; LPM_REMAINDERPOSITIVE  ; TRUE           ; Untyped                                       ;
; MAXIMIZE_SPEED         ; 5              ; Untyped                                       ;
; CBXI_PARAMETER         ; lpm_divide_hbm ; Untyped                                       ;
; CARRY_CHAIN            ; MANUAL         ; Untyped                                       ;
; OPTIMIZE_FOR_SPEED     ; 5              ; Untyped                                       ;
; AUTO_CARRY_CHAINS      ; ON             ; AUTO_CARRY                                    ;
; IGNORE_CARRY_BUFFERS   ; OFF            ; IGNORE_CARRY                                  ;
; AUTO_CASCADE_CHAINS    ; ON             ; AUTO_CASCADE                                  ;
; IGNORE_CASCADE_BUFFERS ; OFF            ; IGNORE_CASCADE                                ;
+------------------------+----------------+-----------------------------------------------+
Note: In order to hide this table in the UI and the text report file, please set the "Show Parameter Settings in Synthesis Report" option in "Analysis and Synthesis Settings -> More Settings" to "Off".


+-----------------------------------------------------------------------------------------+
; Parameter Settings for Inferred Entity Instance: binary_10_bits_BCD:ex1|lpm_divide:Div2 ;
+------------------------+----------------+-----------------------------------------------+
; Parameter Name         ; Value          ; Type                                          ;
+------------------------+----------------+-----------------------------------------------+
; LPM_WIDTHN             ; 32             ; Untyped                                       ;
; LPM_WIDTHD             ; 10             ; Untyped                                       ;
; LPM_NREPRESENTATION    ; UNSIGNED       ; Untyped                                       ;
; LPM_DREPRESENTATION    ; UNSIGNED       ; Untyped                                       ;
; LPM_PIPELINE           ; 0              ; Untyped                                       ;
; LPM_REMAINDERPOSITIVE  ; TRUE           ; Untyped                                       ;
; MAXIMIZE_SPEED         ; 5              ; Untyped                                       ;
; CBXI_PARAMETER         ; lpm_divide_vcm ; Untyped                                       ;
; CARRY_CHAIN            ; MANUAL         ; Untyped                                       ;
; OPTIMIZE_FOR_SPEED     ; 5              ; Untyped                                       ;
; AUTO_CARRY_CHAINS      ; ON             ; AUTO_CARRY                                    ;
; IGNORE_CARRY_BUFFERS   ; OFF            ; IGNORE_CARRY                                  ;
; AUTO_CASCADE_CHAINS    ; ON             ; AUTO_CASCADE                                  ;
; IGNORE_CASCADE_BUFFERS ; OFF            ; IGNORE_CASCADE                                ;
+------------------------+----------------+-----------------------------------------------+
Note: In order to hide this table in the UI and the text report file, please set the "Show Parameter Settings in Synthesis Report" option in "Analysis and Synthesis Settings -> More Settings" to "Off".


+-----------------------------------------------------------------------------------------+
; Parameter Settings for Inferred Entity Instance: binary_10_bits_BCD:ex1|lpm_divide:Mod3 ;
+------------------------+----------------+-----------------------------------------------+
; Parameter Name         ; Value          ; Type                                          ;
+------------------------+----------------+-----------------------------------------------+
; LPM_WIDTHN             ; 10             ; Untyped                                       ;
; LPM_WIDTHD             ; 7              ; Untyped                                       ;
; LPM_NREPRESENTATION    ; UNSIGNED       ; Untyped                                       ;
; LPM_DREPRESENTATION    ; UNSIGNED       ; Untyped                                       ;
; LPM_PIPELINE           ; 0              ; Untyped                                       ;
; LPM_REMAINDERPOSITIVE  ; TRUE           ; Untyped                                       ;
; MAXIMIZE_SPEED         ; 5              ; Untyped                                       ;
; CBXI_PARAMETER         ; lpm_divide_k3m ; Untyped                                       ;
; CARRY_CHAIN            ; MANUAL         ; Untyped                                       ;
; OPTIMIZE_FOR_SPEED     ; 5              ; Untyped                                       ;
; AUTO_CARRY_CHAINS      ; ON             ; AUTO_CARRY                                    ;
; IGNORE_CARRY_BUFFERS   ; OFF            ; IGNORE_CARRY                                  ;
; AUTO_CASCADE_CHAINS    ; ON             ; AUTO_CASCADE                                  ;
; IGNORE_CASCADE_BUFFERS ; OFF            ; IGNORE_CASCADE                                ;
+------------------------+----------------+-----------------------------------------------+
Note: In order to hide this table in the UI and the text report file, please set the "Show Parameter Settings in Synthesis Report" option in "Analysis and Synthesis Settings -> More Settings" to "Off".


+-----------------------------------------------------------------------------------------+
; Parameter Settings for Inferred Entity Instance: binary_10_bits_BCD:ex1|lpm_divide:Mod5 ;
+------------------------+----------------+-----------------------------------------------+
; Parameter Name         ; Value          ; Type                                          ;
+------------------------+----------------+-----------------------------------------------+
; LPM_WIDTHN             ; 10             ; Untyped                                       ;
; LPM_WIDTHD             ; 10             ; Untyped                                       ;
; LPM_NREPRESENTATION    ; UNSIGNED       ; Untyped                                       ;
; LPM_DREPRESENTATION    ; UNSIGNED       ; Untyped                                       ;
; LPM_PIPELINE           ; 0              ; Untyped                                       ;
; LPM_REMAINDERPOSITIVE  ; TRUE           ; Untyped                                       ;
; MAXIMIZE_SPEED         ; 5              ; Untyped                                       ;
; CBXI_PARAMETER         ; lpm_divide_u4m ; Untyped                                       ;
; CARRY_CHAIN            ; MANUAL         ; Untyped                                       ;
; OPTIMIZE_FOR_SPEED     ; 5              ; Untyped                                       ;
; AUTO_CARRY_CHAINS      ; ON             ; AUTO_CARRY                                    ;
; IGNORE_CARRY_BUFFERS   ; OFF            ; IGNORE_CARRY                                  ;
; AUTO_CASCADE_CHAINS    ; ON             ; AUTO_CASCADE                                  ;
; IGNORE_CASCADE_BUFFERS ; OFF            ; IGNORE_CASCADE                                ;
+------------------------+----------------+-----------------------------------------------+
Note: In order to hide this table in the UI and the text report file, please set the "Show Parameter Settings in Synthesis Report" option in "Analysis and Synthesis Settings -> More Settings" to "Off".


+-----------------------------------------------------+
; Post-Synthesis Netlist Statistics for Top Partition ;
+-----------------------+-----------------------------+
; Type                  ; Count                       ;
+-----------------------+-----------------------------+
; arriav_lcell_comb     ; 982                         ;
;     arith             ; 462                         ;
;         0 data inputs ; 88                          ;
;         1 data inputs ; 41                          ;
;         2 data inputs ; 18                          ;
;         3 data inputs ; 184                         ;
;         4 data inputs ; 131                         ;
;     normal            ; 433                         ;
;         1 data inputs ; 4                           ;
;         2 data inputs ; 236                         ;
;         3 data inputs ; 93                          ;
;         4 data inputs ; 89                          ;
;         5 data inputs ; 6                           ;
;         6 data inputs ; 5                           ;
;     shared            ; 87                          ;
;         0 data inputs ; 19                          ;
;         1 data inputs ; 47                          ;
;         2 data inputs ; 3                           ;
;         3 data inputs ; 12                          ;
;         4 data inputs ; 6                           ;
; boundary_port         ; 48                          ;
;                       ;                             ;
; Max LUT depth         ; 41.00                       ;
; Average LUT depth     ; 34.40                       ;
+-----------------------+-----------------------------+


+-------------------------------+
; Elapsed Time Per Partition    ;
+----------------+--------------+
; Partition Name ; Elapsed Time ;
+----------------+--------------+
; Top            ; 00:00:03     ;
+----------------+--------------+


+-------------------------------+
; Analysis & Synthesis Messages ;
+-------------------------------+
Info: *******************************************************************
Info: Running Quartus Prime Analysis & Synthesis
    Info: Version 17.1.0 Build 590 10/25/2017 SJ Lite Edition
    Info: Processing started: Thu Mar 28 12:16:02 2019
Info: Command: quartus_map --read_settings_files=on --write_settings_files=off binary_10_bits_BC_board -c binary_10_bits_BC_board
Warning (18236): Number of processors has not been specified which may cause overloading on shared machines.  Set the global assignment NUM_PARALLEL_PROCESSORS in your QSF to an appropriate value for best performance.
Info (20030): Parallel compilation is enabled and will use 2 of the 2 processors detected
Info (12021): Found 3 design units, including 3 entities, in source file binary_10_bits_bc_board.v
    Info (12023): Found entity 1: binary_10_bits_BC_board File: D:/Projects/SW/ps3/zad8/binary_10_bits_BC_board.v Line: 1
    Info (12023): Found entity 2: binary_10_bits_BCD File: D:/Projects/SW/ps3/zad8/binary_10_bits_BC_board.v Line: 12
    Info (12023): Found entity 3: decoder_hex_10 File: D:/Projects/SW/ps3/zad8/binary_10_bits_BC_board.v Line: 33
Info (12127): Elaborating entity "binary_10_bits_BC_board" for the top level hierarchy
Info (12128): Elaborating entity "binary_10_bits_BCD" for hierarchy "binary_10_bits_BCD:ex1" File: D:/Projects/SW/ps3/zad8/binary_10_bits_BC_board.v Line: 8
Warning (10230): Verilog HDL assignment warning at binary_10_bits_BC_board.v(20): truncated value with size 32 to match size of target (4) File: D:/Projects/SW/ps3/zad8/binary_10_bits_BC_board.v Line: 20
Warning (10230): Verilog HDL assignment warning at binary_10_bits_BC_board.v(21): truncated value with size 32 to match size of target (4) File: D:/Projects/SW/ps3/zad8/binary_10_bits_BC_board.v Line: 21
Warning (10230): Verilog HDL assignment warning at binary_10_bits_BC_board.v(22): truncated value with size 32 to match size of target (4) File: D:/Projects/SW/ps3/zad8/binary_10_bits_BC_board.v Line: 22
Warning (10230): Verilog HDL assignment warning at binary_10_bits_BC_board.v(23): truncated value with size 32 to match size of target (4) File: D:/Projects/SW/ps3/zad8/binary_10_bits_BC_board.v Line: 23
Info (12128): Elaborating entity "decoder_hex_10" for hierarchy "binary_10_bits_BCD:ex1|decoder_hex_10:ex2" File: D:/Projects/SW/ps3/zad8/binary_10_bits_BC_board.v Line: 26
Info (278001): Inferred 8 megafunctions from design logic
    Info (278004): Inferred divider/modulo megafunction ("lpm_divide") from the following logic: "binary_10_bits_BCD:ex1|Mod0" File: D:/Projects/SW/ps3/zad8/binary_10_bits_BC_board.v Line: 20
    Info (278004): Inferred divider/modulo megafunction ("lpm_divide") from the following logic: "binary_10_bits_BCD:ex1|Mod2" File: D:/Projects/SW/ps3/zad8/binary_10_bits_BC_board.v Line: 21
    Info (278004): Inferred divider/modulo megafunction ("lpm_divide") from the following logic: "binary_10_bits_BCD:ex1|Div0" File: D:/Projects/SW/ps3/zad8/binary_10_bits_BC_board.v Line: 21
    Info (278004): Inferred divider/modulo megafunction ("lpm_divide") from the following logic: "binary_10_bits_BCD:ex1|Mod4" File: D:/Projects/SW/ps3/zad8/binary_10_bits_BC_board.v Line: 22
    Info (278004): Inferred divider/modulo megafunction ("lpm_divide") from the following logic: "binary_10_bits_BCD:ex1|Div1" File: D:/Projects/SW/ps3/zad8/binary_10_bits_BC_board.v Line: 22
    Info (278004): Inferred divider/modulo megafunction ("lpm_divide") from the following logic: "binary_10_bits_BCD:ex1|Div2" File: D:/Projects/SW/ps3/zad8/binary_10_bits_BC_board.v Line: 23
    Info (278004): Inferred divider/modulo megafunction ("lpm_divide") from the following logic: "binary_10_bits_BCD:ex1|Mod3" File: D:/Projects/SW/ps3/zad8/binary_10_bits_BC_board.v Line: 22
    Info (278004): Inferred divider/modulo megafunction ("lpm_divide") from the following logic: "binary_10_bits_BCD:ex1|Mod5" File: D:/Projects/SW/ps3/zad8/binary_10_bits_BC_board.v Line: 23
Info (12130): Elaborated megafunction instantiation "binary_10_bits_BCD:ex1|lpm_divide:Mod0" File: D:/Projects/SW/ps3/zad8/binary_10_bits_BC_board.v Line: 20
Info (12133): Instantiated megafunction "binary_10_bits_BCD:ex1|lpm_divide:Mod0" with the following parameter: File: D:/Projects/SW/ps3/zad8/binary_10_bits_BC_board.v Line: 20
    Info (12134): Parameter "LPM_WIDTHN" = "10"
    Info (12134): Parameter "LPM_WIDTHD" = "4"
    Info (12134): Parameter "LPM_NREPRESENTATION" = "UNSIGNED"
    Info (12134): Parameter "LPM_DREPRESENTATION" = "UNSIGNED"
Info (12021): Found 1 design units, including 1 entities, in source file db/lpm_divide_h3m.tdf
    Info (12023): Found entity 1: lpm_divide_h3m File: D:/Projects/SW/ps3/zad8/db/lpm_divide_h3m.tdf Line: 24
Info (12021): Found 1 design units, including 1 entities, in source file db/sign_div_unsign_klh.tdf
    Info (12023): Found entity 1: sign_div_unsign_klh File: D:/Projects/SW/ps3/zad8/db/sign_div_unsign_klh.tdf Line: 24
Info (12021): Found 1 design units, including 1 entities, in source file db/alt_u_div_eve.tdf
    Info (12023): Found entity 1: alt_u_div_eve File: D:/Projects/SW/ps3/zad8/db/alt_u_div_eve.tdf Line: 22
Info (12130): Elaborated megafunction instantiation "binary_10_bits_BCD:ex1|lpm_divide:Mod2" File: D:/Projects/SW/ps3/zad8/binary_10_bits_BC_board.v Line: 21
Info (12133): Instantiated megafunction "binary_10_bits_BCD:ex1|lpm_divide:Mod2" with the following parameter: File: D:/Projects/SW/ps3/zad8/binary_10_bits_BC_board.v Line: 21
    Info (12134): Parameter "LPM_WIDTHN" = "32"
    Info (12134): Parameter "LPM_WIDTHD" = "7"
    Info (12134): Parameter "LPM_NREPRESENTATION" = "UNSIGNED"
    Info (12134): Parameter "LPM_DREPRESENTATION" = "UNSIGNED"
Info (12021): Found 1 design units, including 1 entities, in source file db/lpm_divide_o3m.tdf
    Info (12023): Found entity 1: lpm_divide_o3m File: D:/Projects/SW/ps3/zad8/db/lpm_divide_o3m.tdf Line: 24
Info (12021): Found 1 design units, including 1 entities, in source file db/sign_div_unsign_rlh.tdf
    Info (12023): Found entity 1: sign_div_unsign_rlh File: D:/Projects/SW/ps3/zad8/db/sign_div_unsign_rlh.tdf Line: 24
Info (12021): Found 1 design units, including 1 entities, in source file db/alt_u_div_sve.tdf
    Info (12023): Found entity 1: alt_u_div_sve File: D:/Projects/SW/ps3/zad8/db/alt_u_div_sve.tdf Line: 22
Info (12130): Elaborated megafunction instantiation "binary_10_bits_BCD:ex1|lpm_divide:Div0" File: D:/Projects/SW/ps3/zad8/binary_10_bits_BC_board.v Line: 21
Info (12133): Instantiated megafunction "binary_10_bits_BCD:ex1|lpm_divide:Div0" with the following parameter: File: D:/Projects/SW/ps3/zad8/binary_10_bits_BC_board.v Line: 21
    Info (12134): Parameter "LPM_WIDTHN" = "7"
    Info (12134): Parameter "LPM_WIDTHD" = "4"
    Info (12134): Parameter "LPM_NREPRESENTATION" = "UNSIGNED"
    Info (12134): Parameter "LPM_DREPRESENTATION" = "UNSIGNED"
Info (12021): Found 1 design units, including 1 entities, in source file db/lpm_divide_4am.tdf
    Info (12023): Found entity 1: lpm_divide_4am File: D:/Projects/SW/ps3/zad8/db/lpm_divide_4am.tdf Line: 24
Info (12021): Found 1 design units, including 1 entities, in source file db/sign_div_unsign_akh.tdf
    Info (12023): Found entity 1: sign_div_unsign_akh File: D:/Projects/SW/ps3/zad8/db/sign_div_unsign_akh.tdf Line: 24
Info (12021): Found 1 design units, including 1 entities, in source file db/alt_u_div_qse.tdf
    Info (12023): Found entity 1: alt_u_div_qse File: D:/Projects/SW/ps3/zad8/db/alt_u_div_qse.tdf Line: 22
Info (12130): Elaborated megafunction instantiation "binary_10_bits_BCD:ex1|lpm_divide:Mod4" File: D:/Projects/SW/ps3/zad8/binary_10_bits_BC_board.v Line: 22
Info (12133): Instantiated megafunction "binary_10_bits_BCD:ex1|lpm_divide:Mod4" with the following parameter: File: D:/Projects/SW/ps3/zad8/binary_10_bits_BC_board.v Line: 22
    Info (12134): Parameter "LPM_WIDTHN" = "32"
    Info (12134): Parameter "LPM_WIDTHD" = "10"
    Info (12134): Parameter "LPM_NREPRESENTATION" = "UNSIGNED"
    Info (12134): Parameter "LPM_DREPRESENTATION" = "UNSIGNED"
Info (12021): Found 1 design units, including 1 entities, in source file db/lpm_divide_25m.tdf
    Info (12023): Found entity 1: lpm_divide_25m File: D:/Projects/SW/ps3/zad8/db/lpm_divide_25m.tdf Line: 24
Info (12021): Found 1 design units, including 1 entities, in source file db/sign_div_unsign_5nh.tdf
    Info (12023): Found entity 1: sign_div_unsign_5nh File: D:/Projects/SW/ps3/zad8/db/sign_div_unsign_5nh.tdf Line: 24
Info (12021): Found 1 design units, including 1 entities, in source file db/alt_u_div_g2f.tdf
    Info (12023): Found entity 1: alt_u_div_g2f File: D:/Projects/SW/ps3/zad8/db/alt_u_div_g2f.tdf Line: 22
Info (12130): Elaborated megafunction instantiation "binary_10_bits_BCD:ex1|lpm_divide:Div1" File: D:/Projects/SW/ps3/zad8/binary_10_bits_BC_board.v Line: 22
Info (12133): Instantiated megafunction "binary_10_bits_BCD:ex1|lpm_divide:Div1" with the following parameter: File: D:/Projects/SW/ps3/zad8/binary_10_bits_BC_board.v Line: 22
    Info (12134): Parameter "LPM_WIDTHN" = "10"
    Info (12134): Parameter "LPM_WIDTHD" = "7"
    Info (12134): Parameter "LPM_NREPRESENTATION" = "UNSIGNED"
    Info (12134): Parameter "LPM_DREPRESENTATION" = "UNSIGNED"
Info (12021): Found 1 design units, including 1 entities, in source file db/lpm_divide_hbm.tdf
    Info (12023): Found entity 1: lpm_divide_hbm File: D:/Projects/SW/ps3/zad8/db/lpm_divide_hbm.tdf Line: 24
Info (12021): Found 1 design units, including 1 entities, in source file db/sign_div_unsign_nlh.tdf
    Info (12023): Found entity 1: sign_div_unsign_nlh File: D:/Projects/SW/ps3/zad8/db/sign_div_unsign_nlh.tdf Line: 24
Info (12021): Found 1 design units, including 1 entities, in source file db/alt_u_div_kve.tdf
    Info (12023): Found entity 1: alt_u_div_kve File: D:/Projects/SW/ps3/zad8/db/alt_u_div_kve.tdf Line: 22
Info (12130): Elaborated megafunction instantiation "binary_10_bits_BCD:ex1|lpm_divide:Div2" File: D:/Projects/SW/ps3/zad8/binary_10_bits_BC_board.v Line: 23
Info (12133): Instantiated megafunction "binary_10_bits_BCD:ex1|lpm_divide:Div2" with the following parameter: File: D:/Projects/SW/ps3/zad8/binary_10_bits_BC_board.v Line: 23
    Info (12134): Parameter "LPM_WIDTHN" = "32"
    Info (12134): Parameter "LPM_WIDTHD" = "10"
    Info (12134): Parameter "LPM_NREPRESENTATION" = "UNSIGNED"
    Info (12134): Parameter "LPM_DREPRESENTATION" = "UNSIGNED"
Info (12021): Found 1 design units, including 1 entities, in source file db/lpm_divide_vcm.tdf
    Info (12023): Found entity 1: lpm_divide_vcm File: D:/Projects/SW/ps3/zad8/db/lpm_divide_vcm.tdf Line: 24
Info (12130): Elaborated megafunction instantiation "binary_10_bits_BCD:ex1|lpm_divide:Mod3" File: D:/Projects/SW/ps3/zad8/binary_10_bits_BC_board.v Line: 22
Info (12133): Instantiated megafunction "binary_10_bits_BCD:ex1|lpm_divide:Mod3" with the following parameter: File: D:/Projects/SW/ps3/zad8/binary_10_bits_BC_board.v Line: 22
    Info (12134): Parameter "LPM_WIDTHN" = "10"
    Info (12134): Parameter "LPM_WIDTHD" = "7"
    Info (12134): Parameter "LPM_NREPRESENTATION" = "UNSIGNED"
    Info (12134): Parameter "LPM_DREPRESENTATION" = "UNSIGNED"
Info (12021): Found 1 design units, including 1 entities, in source file db/lpm_divide_k3m.tdf
    Info (12023): Found entity 1: lpm_divide_k3m File: D:/Projects/SW/ps3/zad8/db/lpm_divide_k3m.tdf Line: 24
Info (12130): Elaborated megafunction instantiation "binary_10_bits_BCD:ex1|lpm_divide:Mod5" File: D:/Projects/SW/ps3/zad8/binary_10_bits_BC_board.v Line: 23
Info (12133): Instantiated megafunction "binary_10_bits_BCD:ex1|lpm_divide:Mod5" with the following parameter: File: D:/Projects/SW/ps3/zad8/binary_10_bits_BC_board.v Line: 23
    Info (12134): Parameter "LPM_WIDTHN" = "10"
    Info (12134): Parameter "LPM_WIDTHD" = "10"
    Info (12134): Parameter "LPM_NREPRESENTATION" = "UNSIGNED"
    Info (12134): Parameter "LPM_DREPRESENTATION" = "UNSIGNED"
Info (12021): Found 1 design units, including 1 entities, in source file db/lpm_divide_u4m.tdf
    Info (12023): Found entity 1: lpm_divide_u4m File: D:/Projects/SW/ps3/zad8/db/lpm_divide_u4m.tdf Line: 24
Info (12021): Found 1 design units, including 1 entities, in source file db/sign_div_unsign_1nh.tdf
    Info (12023): Found entity 1: sign_div_unsign_1nh File: D:/Projects/SW/ps3/zad8/db/sign_div_unsign_1nh.tdf Line: 24
Info (12021): Found 1 design units, including 1 entities, in source file db/alt_u_div_82f.tdf
    Info (12023): Found entity 1: alt_u_div_82f File: D:/Projects/SW/ps3/zad8/db/alt_u_div_82f.tdf Line: 22
Info (286030): Timing-Driven Synthesis is running
Info (16010): Generating hard_block partition "hard_block:auto_generated_inst"
    Info (16011): Adding 0 node(s), including 0 DDIO, 0 PLL, 0 transceiver and 0 LCELL
Info (21057): Implemented 1026 device resources after synthesis - the final resource count might be different
    Info (21058): Implemented 10 input pins
    Info (21059): Implemented 38 output pins
    Info (21061): Implemented 978 logic cells
Info: Quartus Prime Analysis & Synthesis was successful. 0 errors, 5 warnings
    Info: Peak virtual memory: 4848 megabytes
    Info: Processing ended: Thu Mar 28 12:16:24 2019
    Info: Elapsed time: 00:00:22
    Info: Total CPU time (on all processors): 00:00:45


