Flow report for binary_BCD_4_bits_board
Wed Mar 20 19:40:07 2019
Quartus Prime Version 17.1.0 Build 590 10/25/2017 SJ Lite Edition


---------------------
; Table of Contents ;
---------------------
  1. Legal Notice
  2. Flow Summary
  3. Flow Settings
  4. Flow Non-Default Global Settings
  5. Flow Elapsed Time
  6. Flow OS Summary
  7. Flow Log
  8. Flow Messages
  9. Flow Suppressed Messages



----------------
; Legal Notice ;
----------------
Copyright (C) 2017  Intel Corporation. All rights reserved.
Your use of Intel Corporation's design tools, logic functions 
and other software and tools, and its AMPP partner logic 
functions, and any output files from any of the foregoing 
(including device programming or simulation files), and any 
associated documentation or information are expressly subject 
to the terms and conditions of the Intel Program License 
Subscription Agreement, the Intel Quartus Prime License Agreement,
the Intel FPGA IP License Agreement, or other applicable license
agreement, including, without limitation, that your use is for
the sole purpose of programming logic devices manufactured by
Intel and sold by Intel or its authorized distributors.  Please
refer to the applicable agreement for further details.



+-------------------------------------------------------------------------------+
; Flow Summary                                                                  ;
+---------------------------------+---------------------------------------------+
; Flow Status                     ; Successful - Wed Mar 20 19:40:07 2019       ;
; Quartus Prime Version           ; 17.1.0 Build 590 10/25/2017 SJ Lite Edition ;
; Revision Name                   ; binary_BCD_4_bits_board                     ;
; Top-level Entity Name           ; binary_BCD_4_bits_board                     ;
; Family                          ; Cyclone V                                   ;
; Device                          ; 5CSEMA5F31C6                                ;
; Timing Models                   ; Final                                       ;
; Logic utilization (in ALMs)     ; 5 / 32,070 ( < 1 % )                        ;
; Total registers                 ; 0                                           ;
; Total pins                      ; 22 / 457 ( 5 % )                            ;
; Total virtual pins              ; 0                                           ;
; Total block memory bits         ; 0 / 4,065,280 ( 0 % )                       ;
; Total DSP Blocks                ; 0 / 87 ( 0 % )                              ;
; Total HSSI RX PCSs              ; 0                                           ;
; Total HSSI PMA RX Deserializers ; 0                                           ;
; Total HSSI TX PCSs              ; 0                                           ;
; Total HSSI PMA TX Serializers   ; 0                                           ;
; Total PLLs                      ; 0 / 6 ( 0 % )                               ;
; Total DLLs                      ; 0 / 4 ( 0 % )                               ;
+---------------------------------+---------------------------------------------+


+---------------------------------------------+
; Flow Settings                               ;
+-------------------+-------------------------+
; Option            ; Setting                 ;
+-------------------+-------------------------+
; Start date & time ; 03/20/2019 19:35:26     ;
; Main task         ; Compilation             ;
; Revision Name     ; binary_BCD_4_bits_board ;
+-------------------+-------------------------+


+-----------------------------------------------------------------------------------------------------------------------------+
; Flow Non-Default Global Settings                                                                                            ;
+-------------------------------------+----------------------------------------+---------------+-------------+----------------+
; Assignment Name                     ; Value                                  ; Default Value ; Entity Name ; Section Id     ;
+-------------------------------------+----------------------------------------+---------------+-------------+----------------+
; COMPILER_SIGNATURE_ID               ; 35775002756364.155310692400692         ; --            ; --          ; --             ;
; EDA_OUTPUT_DATA_FORMAT              ; Verilog Hdl                            ; --            ; --          ; eda_simulation ;
; EDA_SIMULATION_TOOL                 ; ModelSim-Altera (Verilog)              ; <None>        ; --          ; --             ;
; EDA_TIME_SCALE                      ; 1 ps                                   ; --            ; --          ; eda_simulation ;
; MAX_CORE_JUNCTION_TEMP              ; 85                                     ; --            ; --          ; --             ;
; MIN_CORE_JUNCTION_TEMP              ; 0                                      ; --            ; --          ; --             ;
; PARTITION_COLOR                     ; -- (Not supported for targeted family) ; --            ; --          ; Top            ;
; PARTITION_FITTER_PRESERVATION_LEVEL ; -- (Not supported for targeted family) ; --            ; --          ; Top            ;
; PARTITION_NETLIST_TYPE              ; -- (Not supported for targeted family) ; --            ; --          ; Top            ;
; PROJECT_OUTPUT_DIRECTORY            ; output_files                           ; --            ; --          ; --             ;
+-------------------------------------+----------------------------------------+---------------+-------------+----------------+


+-------------------------------------------------------------------------------------------------------------------------------+
; Flow Elapsed Time                                                                                                             ;
+---------------------------+--------------+-------------------------+---------------------+------------------------------------+
; Module Name               ; Elapsed Time ; Average Processors Used ; Peak Virtual Memory ; Total CPU Time (on all processors) ;
+---------------------------+--------------+-------------------------+---------------------+------------------------------------+
; Analysis & Synthesis      ; 00:00:33     ; 1.0                     ; 4805 MB             ; 00:00:43                           ;
; Fitter                    ; 00:01:50     ; 1.0                     ; 6165 MB             ; 00:01:39                           ;
; Assembler                 ; 00:00:26     ; 1.0                     ; 4838 MB             ; 00:00:15                           ;
; TimeQuest Timing Analyzer ; 00:00:25     ; 1.0                     ; 5094 MB             ; 00:00:12                           ;
; EDA Netlist Writer        ; 00:00:07     ; 1.0                     ; 4736 MB             ; 00:00:04                           ;
; EDA Netlist Writer        ; 00:00:04     ; 1.0                     ; 4714 MB             ; 00:00:04                           ;
; EDA Netlist Writer        ; 00:00:04     ; 1.0                     ; 4723 MB             ; 00:00:04                           ;
; Total                     ; 00:03:29     ; --                      ; --                  ; 00:03:01                           ;
+---------------------------+--------------+-------------------------+---------------------+------------------------------------+


+-----------------------------------------------------------------------------------------+
; Flow OS Summary                                                                         ;
+---------------------------+------------------+------------+------------+----------------+
; Module Name               ; Machine Hostname ; OS Name    ; OS Version ; Processor type ;
+---------------------------+------------------+------------+------------+----------------+
; Analysis & Synthesis      ; Laptop           ; Windows 10 ; 10.0       ; x86_64         ;
; Fitter                    ; Laptop           ; Windows 10 ; 10.0       ; x86_64         ;
; Assembler                 ; Laptop           ; Windows 10 ; 10.0       ; x86_64         ;
; TimeQuest Timing Analyzer ; Laptop           ; Windows 10 ; 10.0       ; x86_64         ;
; EDA Netlist Writer        ; Laptop           ; Windows 10 ; 10.0       ; x86_64         ;
; EDA Netlist Writer        ; Laptop           ; Windows 10 ; 10.0       ; x86_64         ;
; EDA Netlist Writer        ; Laptop           ; Windows 10 ; 10.0       ; x86_64         ;
+---------------------------+------------------+------------+------------+----------------+


------------
; Flow Log ;
------------
quartus_map --read_settings_files=on --write_settings_files=off binary_BCD_4_bits_board -c binary_BCD_4_bits_board
quartus_fit --read_settings_files=off --write_settings_files=off binary_BCD_4_bits_board -c binary_BCD_4_bits_board
quartus_asm --read_settings_files=off --write_settings_files=off binary_BCD_4_bits_board -c binary_BCD_4_bits_board
quartus_sta binary_BCD_4_bits_board -c binary_BCD_4_bits_board
quartus_eda --read_settings_files=off --write_settings_files=off binary_BCD_4_bits_board -c binary_BCD_4_bits_board
quartus_eda --gen_testbench --tool=modelsim_oem --format=verilog --write_settings_files=off binary_BCD_4_bits_board -c binary_BCD_4_bits_board --vector_source=C:/Users/Acerek/Desktop/SW/ps3/zad3VER2/binary_BCD_4_bits_board/Waveform.vwf --testbench_file=C:/Users/Acerek/Desktop/SW/ps3/zad3VER2/binary_BCD_4_bits_board/simulation/qsim/Waveform.vwf.vt
quartus_eda --write_settings_files=off --simulation=on --functional=on --flatten_buses=off --tool=modelsim_oem --format=verilog --output_directory=C:/Users/Acerek/Desktop/SW/ps3/zad3VER2/binary_BCD_4_bits_board/simulation/qsim/ binary_BCD_4_bits_board -c binary_BCD_4_bits_board



