Analysis & Synthesis report for ram32x4_2_ports
Thu Apr 25 13:06:14 2019
Quartus Prime Version 17.1.0 Build 590 10/25/2017 SJ Lite Edition


---------------------
; Table of Contents ;
---------------------
  1. Legal Notice
  2. Analysis & Synthesis Summary
  3. Analysis & Synthesis Settings
  4. Parallel Compilation
  5. Analysis & Synthesis Source Files Read
  6. Analysis & Synthesis Resource Usage Summary
  7. Analysis & Synthesis Resource Utilization by Entity
  8. Analysis & Synthesis RAM Summary
  9. Analysis & Synthesis IP Cores Summary
 10. General Register Statistics
 11. Source assignments for ram32x4:mem|altsyncram:altsyncram_component|altsyncram_1032:auto_generated
 12. Parameter Settings for User Entity Instance: delay:ex0
 13. Parameter Settings for User Entity Instance: delay:ex0|counter_mod_M:count0
 14. Parameter Settings for User Entity Instance: delay:ex0|counter_mod_M:count1
 15. Parameter Settings for User Entity Instance: counter_N_bits:cnt_addr
 16. Parameter Settings for User Entity Instance: ram32x4:mem|altsyncram:altsyncram_component
 17. altsyncram Parameter Settings by Entity Instance
 18. Port Connectivity Checks: "decoder_hex_16:d5"
 19. Port Connectivity Checks: "decoder_hex_16:d3"
 20. Port Connectivity Checks: "counter_N_bits:cnt_addr"
 21. Port Connectivity Checks: "delay:ex0|counter_mod_M:count1"
 22. Port Connectivity Checks: "delay:ex0|counter_mod_M:count0"
 23. Post-Synthesis Netlist Statistics for Top Partition
 24. Elapsed Time Per Partition
 25. Analysis & Synthesis Messages



----------------
; Legal Notice ;
----------------
Copyright (C) 2017  Intel Corporation. All rights reserved.
Your use of Intel Corporation's design tools, logic functions 
and other software and tools, and its AMPP partner logic 
functions, and any output files from any of the foregoing 
(including device programming or simulation files), and any 
associated documentation or information are expressly subject 
to the terms and conditions of the Intel Program License 
Subscription Agreement, the Intel Quartus Prime License Agreement,
the Intel FPGA IP License Agreement, or other applicable license
agreement, including, without limitation, that your use is for
the sole purpose of programming logic devices manufactured by
Intel and sold by Intel or its authorized distributors.  Please
refer to the applicable agreement for further details.



+-------------------------------------------------------------------------------+
; Analysis & Synthesis Summary                                                  ;
+---------------------------------+---------------------------------------------+
; Analysis & Synthesis Status     ; Successful - Thu Apr 25 13:06:13 2019       ;
; Quartus Prime Version           ; 17.1.0 Build 590 10/25/2017 SJ Lite Edition ;
; Revision Name                   ; ram32x4_2_ports                             ;
; Top-level Entity Name           ; ram32x4_2_ports                             ;
; Family                          ; Cyclone V                                   ;
; Logic utilization (in ALMs)     ; N/A                                         ;
; Total registers                 ; 32                                          ;
; Total pins                      ; 55                                          ;
; Total virtual pins              ; 0                                           ;
; Total block memory bits         ; 128                                         ;
; Total DSP Blocks                ; 0                                           ;
; Total HSSI RX PCSs              ; 0                                           ;
; Total HSSI PMA RX Deserializers ; 0                                           ;
; Total HSSI TX PCSs              ; 0                                           ;
; Total HSSI PMA TX Serializers   ; 0                                           ;
; Total PLLs                      ; 0                                           ;
; Total DLLs                      ; 0                                           ;
+---------------------------------+---------------------------------------------+


+---------------------------------------------------------------------------------------------------------------------------+
; Analysis & Synthesis Settings                                                                                             ;
+---------------------------------------------------------------------------------+--------------------+--------------------+
; Option                                                                          ; Setting            ; Default Value      ;
+---------------------------------------------------------------------------------+--------------------+--------------------+
; Device                                                                          ; 5CSEMA5F31C6       ;                    ;
; Top-level entity name                                                           ; ram32x4_2_ports    ; ram32x4_2_ports    ;
; Family name                                                                     ; Cyclone V          ; Cyclone V          ;
; Use smart compilation                                                           ; Off                ; Off                ;
; Enable parallel Assembler and TimeQuest Timing Analyzer during compilation      ; On                 ; On                 ;
; Enable compact report table                                                     ; Off                ; Off                ;
; Restructure Multiplexers                                                        ; Auto               ; Auto               ;
; MLAB Add Timing Constraints For Mixed-Port Feed-Through Mode Setting Don't Care ; Off                ; Off                ;
; Create Debugging Nodes for IP Cores                                             ; Off                ; Off                ;
; Preserve fewer node names                                                       ; On                 ; On                 ;
; Intel FPGA IP Evaluation Mode                                                   ; Enable             ; Enable             ;
; Verilog Version                                                                 ; Verilog_2001       ; Verilog_2001       ;
; VHDL Version                                                                    ; VHDL_1993          ; VHDL_1993          ;
; State Machine Processing                                                        ; Auto               ; Auto               ;
; Safe State Machine                                                              ; Off                ; Off                ;
; Extract Verilog State Machines                                                  ; On                 ; On                 ;
; Extract VHDL State Machines                                                     ; On                 ; On                 ;
; Ignore Verilog initial constructs                                               ; Off                ; Off                ;
; Iteration limit for constant Verilog loops                                      ; 5000               ; 5000               ;
; Iteration limit for non-constant Verilog loops                                  ; 250                ; 250                ;
; Add Pass-Through Logic to Inferred RAMs                                         ; On                 ; On                 ;
; Infer RAMs from Raw Logic                                                       ; On                 ; On                 ;
; Parallel Synthesis                                                              ; On                 ; On                 ;
; DSP Block Balancing                                                             ; Auto               ; Auto               ;
; NOT Gate Push-Back                                                              ; On                 ; On                 ;
; Power-Up Don't Care                                                             ; On                 ; On                 ;
; Remove Redundant Logic Cells                                                    ; Off                ; Off                ;
; Remove Duplicate Registers                                                      ; On                 ; On                 ;
; Ignore CARRY Buffers                                                            ; Off                ; Off                ;
; Ignore CASCADE Buffers                                                          ; Off                ; Off                ;
; Ignore GLOBAL Buffers                                                           ; Off                ; Off                ;
; Ignore ROW GLOBAL Buffers                                                       ; Off                ; Off                ;
; Ignore LCELL Buffers                                                            ; Off                ; Off                ;
; Ignore SOFT Buffers                                                             ; On                 ; On                 ;
; Limit AHDL Integers to 32 Bits                                                  ; Off                ; Off                ;
; Optimization Technique                                                          ; Balanced           ; Balanced           ;
; Carry Chain Length                                                              ; 70                 ; 70                 ;
; Auto Carry Chains                                                               ; On                 ; On                 ;
; Auto Open-Drain Pins                                                            ; On                 ; On                 ;
; Perform WYSIWYG Primitive Resynthesis                                           ; Off                ; Off                ;
; Auto ROM Replacement                                                            ; On                 ; On                 ;
; Auto RAM Replacement                                                            ; On                 ; On                 ;
; Auto DSP Block Replacement                                                      ; On                 ; On                 ;
; Auto Shift Register Replacement                                                 ; Auto               ; Auto               ;
; Allow Shift Register Merging across Hierarchies                                 ; Auto               ; Auto               ;
; Auto Clock Enable Replacement                                                   ; On                 ; On                 ;
; Strict RAM Replacement                                                          ; Off                ; Off                ;
; Allow Synchronous Control Signals                                               ; On                 ; On                 ;
; Force Use of Synchronous Clear Signals                                          ; Off                ; Off                ;
; Auto Resource Sharing                                                           ; Off                ; Off                ;
; Allow Any RAM Size For Recognition                                              ; Off                ; Off                ;
; Allow Any ROM Size For Recognition                                              ; Off                ; Off                ;
; Allow Any Shift Register Size For Recognition                                   ; Off                ; Off                ;
; Use LogicLock Constraints during Resource Balancing                             ; On                 ; On                 ;
; Ignore translate_off and synthesis_off directives                               ; Off                ; Off                ;
; Timing-Driven Synthesis                                                         ; On                 ; On                 ;
; Report Parameter Settings                                                       ; On                 ; On                 ;
; Report Source Assignments                                                       ; On                 ; On                 ;
; Report Connectivity Checks                                                      ; On                 ; On                 ;
; Ignore Maximum Fan-Out Assignments                                              ; Off                ; Off                ;
; Synchronization Register Chain Length                                           ; 3                  ; 3                  ;
; Power Optimization During Synthesis                                             ; Normal compilation ; Normal compilation ;
; HDL message level                                                               ; Level2             ; Level2             ;
; Suppress Register Optimization Related Messages                                 ; Off                ; Off                ;
; Number of Removed Registers Reported in Synthesis Report                        ; 5000               ; 5000               ;
; Number of Swept Nodes Reported in Synthesis Report                              ; 5000               ; 5000               ;
; Number of Inverted Registers Reported in Synthesis Report                       ; 100                ; 100                ;
; Clock MUX Protection                                                            ; On                 ; On                 ;
; Auto Gated Clock Conversion                                                     ; Off                ; Off                ;
; Block Design Naming                                                             ; Auto               ; Auto               ;
; SDC constraint protection                                                       ; Off                ; Off                ;
; Synthesis Effort                                                                ; Auto               ; Auto               ;
; Shift Register Replacement - Allow Asynchronous Clear Signal                    ; On                 ; On                 ;
; Pre-Mapping Resynthesis Optimization                                            ; Off                ; Off                ;
; Analysis & Synthesis Message Level                                              ; Medium             ; Medium             ;
; Disable Register Merging Across Hierarchies                                     ; Auto               ; Auto               ;
; Resource Aware Inference For Block RAM                                          ; On                 ; On                 ;
; Automatic Parallel Synthesis                                                    ; On                 ; On                 ;
; Partial Reconfiguration Bitstream ID                                            ; Off                ; Off                ;
+---------------------------------------------------------------------------------+--------------------+--------------------+


+------------------------------------------+
; Parallel Compilation                     ;
+----------------------------+-------------+
; Processors                 ; Number      ;
+----------------------------+-------------+
; Number detected on machine ; 2           ;
; Maximum allowed            ; 2           ;
;                            ;             ;
; Average used               ; 1.00        ;
; Maximum used               ; 2           ;
;                            ;             ;
; Usage by Processor         ; % Time Used ;
;     Processor 1            ; 100.0%      ;
;     Processor 2            ;   0.0%      ;
+----------------------------+-------------+


+--------------------------------------------------------------------------------------------------------------------------------------------------------------------------------+
; Analysis & Synthesis Source Files Read                                                                                                                                         ;
+----------------------------------+-----------------+----------------------------------+------------------------------------------------------------------------------+---------+
; File Name with User-Entered Path ; Used in Netlist ; File Type                        ; File Name with Absolute Path                                                 ; Library ;
+----------------------------------+-----------------+----------------------------------+------------------------------------------------------------------------------+---------+
; ram32x4_2_ports.v                ; yes             ; User Verilog HDL File            ; C:/Users/Acerek/Desktop/SWrepo2/SW/ps9/zad4/ram32x4_2_ports.v                ;         ;
; ram32x4_2_ports.mif              ; yes             ; User Memory Initialization File  ; C:/Users/Acerek/Desktop/SWrepo2/SW/ps9/zad4/ram32x4_2_ports.mif              ;         ;
; ram32x4.v                        ; yes             ; User Wizard-Generated File       ; C:/Users/Acerek/Desktop/SWrepo2/SW/ps9/zad4/ram32x4.v                        ;         ;
; altsyncram.tdf                   ; yes             ; Megafunction                     ; c:/intelfpga_lite/17.1/quartus/libraries/megafunctions/altsyncram.tdf        ;         ;
; stratix_ram_block.inc            ; yes             ; Megafunction                     ; c:/intelfpga_lite/17.1/quartus/libraries/megafunctions/stratix_ram_block.inc ;         ;
; lpm_mux.inc                      ; yes             ; Megafunction                     ; c:/intelfpga_lite/17.1/quartus/libraries/megafunctions/lpm_mux.inc           ;         ;
; lpm_decode.inc                   ; yes             ; Megafunction                     ; c:/intelfpga_lite/17.1/quartus/libraries/megafunctions/lpm_decode.inc        ;         ;
; aglobal171.inc                   ; yes             ; Megafunction                     ; c:/intelfpga_lite/17.1/quartus/libraries/megafunctions/aglobal171.inc        ;         ;
; a_rdenreg.inc                    ; yes             ; Megafunction                     ; c:/intelfpga_lite/17.1/quartus/libraries/megafunctions/a_rdenreg.inc         ;         ;
; altrom.inc                       ; yes             ; Megafunction                     ; c:/intelfpga_lite/17.1/quartus/libraries/megafunctions/altrom.inc            ;         ;
; altram.inc                       ; yes             ; Megafunction                     ; c:/intelfpga_lite/17.1/quartus/libraries/megafunctions/altram.inc            ;         ;
; altdpram.inc                     ; yes             ; Megafunction                     ; c:/intelfpga_lite/17.1/quartus/libraries/megafunctions/altdpram.inc          ;         ;
; db/altsyncram_1032.tdf           ; yes             ; Auto-Generated Megafunction      ; C:/Users/Acerek/Desktop/SWrepo2/SW/ps9/zad4/db/altsyncram_1032.tdf           ;         ;
+----------------------------------+-----------------+----------------------------------+------------------------------------------------------------------------------+---------+


+--------------------------------------------------------------+
; Analysis & Synthesis Resource Usage Summary                  ;
+---------------------------------------------+----------------+
; Resource                                    ; Usage          ;
+---------------------------------------------+----------------+
; Estimate of Logic utilization (ALMs needed) ; 39             ;
;                                             ;                ;
; Combinational ALUT usage for logic          ; 69             ;
;     -- 7 input functions                    ; 0              ;
;     -- 6 input functions                    ; 8              ;
;     -- 5 input functions                    ; 2              ;
;     -- 4 input functions                    ; 29             ;
;     -- <=3 input functions                  ; 30             ;
;                                             ;                ;
; Dedicated logic registers                   ; 32             ;
;                                             ;                ;
; I/O pins                                    ; 55             ;
; Total MLAB memory bits                      ; 0              ;
; Total block memory bits                     ; 128            ;
;                                             ;                ;
; Total DSP Blocks                            ; 0              ;
;                                             ;                ;
; Maximum fan-out node                        ; CLOCK_50~input ;
; Maximum fan-out                             ; 31             ;
; Total fan-out                               ; 471            ;
; Average fan-out                             ; 2.19           ;
+---------------------------------------------+----------------+


+-----------------------------------------------------------------------------------------------------------------------------------------------------------------------------------------------------------------------------------------------------------------------------------+
; Analysis & Synthesis Resource Utilization by Entity                                                                                                                                                                                                                               ;
+-------------------------------------------+---------------------+---------------------------+-------------------+------------+------+--------------+---------------------------------------------------------------------------------------------+-----------------+--------------+
; Compilation Hierarchy Node                ; Combinational ALUTs ; Dedicated Logic Registers ; Block Memory Bits ; DSP Blocks ; Pins ; Virtual Pins ; Full Hierarchy Name                                                                         ; Entity Name     ; Library Name ;
+-------------------------------------------+---------------------+---------------------------+-------------------+------------+------+--------------+---------------------------------------------------------------------------------------------+-----------------+--------------+
; |ram32x4_2_ports                          ; 69 (0)              ; 32 (0)                    ; 128               ; 0          ; 55   ; 0            ; |ram32x4_2_ports                                                                            ; ram32x4_2_ports ; work         ;
;    |counter_N_bits:cnt_addr|              ; 5 (5)               ; 5 (5)                     ; 0                 ; 0          ; 0    ; 0            ; |ram32x4_2_ports|counter_N_bits:cnt_addr                                                    ; counter_N_bits  ; work         ;
;    |decoder_hex_16:d0|                    ; 7 (7)               ; 0 (0)                     ; 0                 ; 0          ; 0    ; 0            ; |ram32x4_2_ports|decoder_hex_16:d0                                                          ; decoder_hex_16  ; work         ;
;    |decoder_hex_16:d1|                    ; 7 (7)               ; 0 (0)                     ; 0                 ; 0          ; 0    ; 0            ; |ram32x4_2_ports|decoder_hex_16:d1                                                          ; decoder_hex_16  ; work         ;
;    |decoder_hex_16:d2|                    ; 7 (7)               ; 0 (0)                     ; 0                 ; 0          ; 0    ; 0            ; |ram32x4_2_ports|decoder_hex_16:d2                                                          ; decoder_hex_16  ; work         ;
;    |decoder_hex_16:d4|                    ; 7 (7)               ; 0 (0)                     ; 0                 ; 0          ; 0    ; 0            ; |ram32x4_2_ports|decoder_hex_16:d4                                                          ; decoder_hex_16  ; work         ;
;    |delay:ex0|                            ; 36 (0)              ; 27 (0)                    ; 0                 ; 0          ; 0    ; 0            ; |ram32x4_2_ports|delay:ex0                                                                  ; delay           ; work         ;
;       |counter_mod_M:count0|              ; 32 (32)             ; 26 (26)                   ; 0                 ; 0          ; 0    ; 0            ; |ram32x4_2_ports|delay:ex0|counter_mod_M:count0                                             ; counter_mod_M   ; work         ;
;       |counter_mod_M:count1|              ; 4 (4)               ; 1 (1)                     ; 0                 ; 0          ; 0    ; 0            ; |ram32x4_2_ports|delay:ex0|counter_mod_M:count1                                             ; counter_mod_M   ; work         ;
;    |ram32x4:mem|                          ; 0 (0)               ; 0 (0)                     ; 128               ; 0          ; 0    ; 0            ; |ram32x4_2_ports|ram32x4:mem                                                                ; ram32x4         ; work         ;
;       |altsyncram:altsyncram_component|   ; 0 (0)               ; 0 (0)                     ; 128               ; 0          ; 0    ; 0            ; |ram32x4_2_ports|ram32x4:mem|altsyncram:altsyncram_component                                ; altsyncram      ; work         ;
;          |altsyncram_1032:auto_generated| ; 0 (0)               ; 0 (0)                     ; 128               ; 0          ; 0    ; 0            ; |ram32x4_2_ports|ram32x4:mem|altsyncram:altsyncram_component|altsyncram_1032:auto_generated ; altsyncram_1032 ; work         ;
+-------------------------------------------+---------------------+---------------------------+-------------------+------------+------+--------------+---------------------------------------------------------------------------------------------+-----------------+--------------+
Note: For table entries with two numbers listed, the numbers in parentheses indicate the number of resources of the given type used by the specific entity alone. The numbers listed outside of parentheses indicate the total resources of the given type used by the specific entity and all of its sub-entities in the hierarchy.


+----------------------------------------------------------------------------------------------------------------------------------------------------------------------------------------------------------------+
; Analysis & Synthesis RAM Summary                                                                                                                                                                               ;
+---------------------------------------------------------------------------------------+------------+------------------+--------------+--------------+--------------+--------------+------+---------------------+
; Name                                                                                  ; Type       ; Mode             ; Port A Depth ; Port A Width ; Port B Depth ; Port B Width ; Size ; MIF                 ;
+---------------------------------------------------------------------------------------+------------+------------------+--------------+--------------+--------------+--------------+------+---------------------+
; ram32x4:mem|altsyncram:altsyncram_component|altsyncram_1032:auto_generated|ALTSYNCRAM ; M10K block ; Simple Dual Port ; 32           ; 4            ; 32           ; 4            ; 128  ; ram32x4_2_ports.mif ;
+---------------------------------------------------------------------------------------+------------+------------------+--------------+--------------+--------------+--------------+------+---------------------+


+----------------------------------------------------------------------------------------------------------------+
; Analysis & Synthesis IP Cores Summary                                                                          ;
+--------+--------------+---------+--------------+--------------+------------------------------+-----------------+
; Vendor ; IP Core Name ; Version ; Release Date ; License Type ; Entity Instance              ; IP Include File ;
+--------+--------------+---------+--------------+--------------+------------------------------+-----------------+
; Altera ; RAM: 2-PORT  ; 17.1    ; N/A          ; N/A          ; |ram32x4_2_ports|ram32x4:mem ; ram32x4.v       ;
+--------+--------------+---------+--------------+--------------+------------------------------+-----------------+


+------------------------------------------------------+
; General Register Statistics                          ;
+----------------------------------------------+-------+
; Statistic                                    ; Value ;
+----------------------------------------------+-------+
; Total registers                              ; 32    ;
; Number of registers using Synchronous Clear  ; 26    ;
; Number of registers using Synchronous Load   ; 0     ;
; Number of registers using Asynchronous Clear ; 5     ;
; Number of registers using Asynchronous Load  ; 0     ;
; Number of registers using Clock Enable       ; 0     ;
; Number of registers using Preset             ; 0     ;
+----------------------------------------------+-------+


+---------------------------------------------------------------------------------------------------+
; Source assignments for ram32x4:mem|altsyncram:altsyncram_component|altsyncram_1032:auto_generated ;
+---------------------------------+--------------------+------+-------------------------------------+
; Assignment                      ; Value              ; From ; To                                  ;
+---------------------------------+--------------------+------+-------------------------------------+
; OPTIMIZE_POWER_DURING_SYNTHESIS ; NORMAL_COMPILATION ; -    ; -                                   ;
+---------------------------------+--------------------+------+-------------------------------------+


+--------------------------------------------------------+
; Parameter Settings for User Entity Instance: delay:ex0 ;
+----------------+----------+----------------------------+
; Parameter Name ; Value    ; Type                       ;
+----------------+----------+----------------------------+
; M              ; 50000000 ; Signed Integer             ;
+----------------+----------+----------------------------+
Note: In order to hide this table in the UI and the text report file, please set the "Show Parameter Settings in Synthesis Report" option in "Analysis and Synthesis Settings -> More Settings" to "Off".


+-----------------------------------------------------------------------------+
; Parameter Settings for User Entity Instance: delay:ex0|counter_mod_M:count0 ;
+----------------+----------+-------------------------------------------------+
; Parameter Name ; Value    ; Type                                            ;
+----------------+----------+-------------------------------------------------+
; M              ; 50000000 ; Signed Integer                                  ;
+----------------+----------+-------------------------------------------------+
Note: In order to hide this table in the UI and the text report file, please set the "Show Parameter Settings in Synthesis Report" option in "Analysis and Synthesis Settings -> More Settings" to "Off".


+-----------------------------------------------------------------------------+
; Parameter Settings for User Entity Instance: delay:ex0|counter_mod_M:count1 ;
+----------------+-------+----------------------------------------------------+
; Parameter Name ; Value ; Type                                               ;
+----------------+-------+----------------------------------------------------+
; M              ; 2     ; Signed Integer                                     ;
+----------------+-------+----------------------------------------------------+
Note: In order to hide this table in the UI and the text report file, please set the "Show Parameter Settings in Synthesis Report" option in "Analysis and Synthesis Settings -> More Settings" to "Off".


+----------------------------------------------------------------------+
; Parameter Settings for User Entity Instance: counter_N_bits:cnt_addr ;
+----------------+-------+---------------------------------------------+
; Parameter Name ; Value ; Type                                        ;
+----------------+-------+---------------------------------------------+
; N              ; 5     ; Signed Integer                              ;
+----------------+-------+---------------------------------------------+
Note: In order to hide this table in the UI and the text report file, please set the "Show Parameter Settings in Synthesis Report" option in "Analysis and Synthesis Settings -> More Settings" to "Off".


+------------------------------------------------------------------------------------------+
; Parameter Settings for User Entity Instance: ram32x4:mem|altsyncram:altsyncram_component ;
+------------------------------------+----------------------+------------------------------+
; Parameter Name                     ; Value                ; Type                         ;
+------------------------------------+----------------------+------------------------------+
; BYTE_SIZE_BLOCK                    ; 8                    ; Untyped                      ;
; AUTO_CARRY_CHAINS                  ; ON                   ; AUTO_CARRY                   ;
; IGNORE_CARRY_BUFFERS               ; OFF                  ; IGNORE_CARRY                 ;
; AUTO_CASCADE_CHAINS                ; ON                   ; AUTO_CASCADE                 ;
; IGNORE_CASCADE_BUFFERS             ; OFF                  ; IGNORE_CASCADE               ;
; WIDTH_BYTEENA                      ; 1                    ; Untyped                      ;
; OPERATION_MODE                     ; DUAL_PORT            ; Untyped                      ;
; WIDTH_A                            ; 4                    ; Signed Integer               ;
; WIDTHAD_A                          ; 5                    ; Signed Integer               ;
; NUMWORDS_A                         ; 32                   ; Signed Integer               ;
; OUTDATA_REG_A                      ; UNREGISTERED         ; Untyped                      ;
; ADDRESS_ACLR_A                     ; NONE                 ; Untyped                      ;
; OUTDATA_ACLR_A                     ; NONE                 ; Untyped                      ;
; WRCONTROL_ACLR_A                   ; NONE                 ; Untyped                      ;
; INDATA_ACLR_A                      ; NONE                 ; Untyped                      ;
; BYTEENA_ACLR_A                     ; NONE                 ; Untyped                      ;
; WIDTH_B                            ; 4                    ; Signed Integer               ;
; WIDTHAD_B                          ; 5                    ; Signed Integer               ;
; NUMWORDS_B                         ; 32                   ; Signed Integer               ;
; INDATA_REG_B                       ; CLOCK1               ; Untyped                      ;
; WRCONTROL_WRADDRESS_REG_B          ; CLOCK1               ; Untyped                      ;
; RDCONTROL_REG_B                    ; CLOCK1               ; Untyped                      ;
; ADDRESS_REG_B                      ; CLOCK0               ; Untyped                      ;
; OUTDATA_REG_B                      ; UNREGISTERED         ; Untyped                      ;
; BYTEENA_REG_B                      ; CLOCK1               ; Untyped                      ;
; INDATA_ACLR_B                      ; NONE                 ; Untyped                      ;
; WRCONTROL_ACLR_B                   ; NONE                 ; Untyped                      ;
; ADDRESS_ACLR_B                     ; NONE                 ; Untyped                      ;
; OUTDATA_ACLR_B                     ; NONE                 ; Untyped                      ;
; RDCONTROL_ACLR_B                   ; NONE                 ; Untyped                      ;
; BYTEENA_ACLR_B                     ; NONE                 ; Untyped                      ;
; WIDTH_BYTEENA_A                    ; 1                    ; Signed Integer               ;
; WIDTH_BYTEENA_B                    ; 1                    ; Untyped                      ;
; RAM_BLOCK_TYPE                     ; M10K                 ; Untyped                      ;
; BYTE_SIZE                          ; 8                    ; Untyped                      ;
; READ_DURING_WRITE_MODE_MIXED_PORTS ; DONT_CARE            ; Untyped                      ;
; READ_DURING_WRITE_MODE_PORT_A      ; NEW_DATA_NO_NBE_READ ; Untyped                      ;
; READ_DURING_WRITE_MODE_PORT_B      ; NEW_DATA_NO_NBE_READ ; Untyped                      ;
; INIT_FILE                          ; ram32x4_2_ports.mif  ; Untyped                      ;
; INIT_FILE_LAYOUT                   ; PORT_A               ; Untyped                      ;
; MAXIMUM_DEPTH                      ; 0                    ; Untyped                      ;
; CLOCK_ENABLE_INPUT_A               ; BYPASS               ; Untyped                      ;
; CLOCK_ENABLE_INPUT_B               ; BYPASS               ; Untyped                      ;
; CLOCK_ENABLE_OUTPUT_A              ; NORMAL               ; Untyped                      ;
; CLOCK_ENABLE_OUTPUT_B              ; BYPASS               ; Untyped                      ;
; CLOCK_ENABLE_CORE_A                ; USE_INPUT_CLKEN      ; Untyped                      ;
; CLOCK_ENABLE_CORE_B                ; USE_INPUT_CLKEN      ; Untyped                      ;
; ENABLE_ECC                         ; FALSE                ; Untyped                      ;
; ECC_PIPELINE_STAGE_ENABLED         ; FALSE                ; Untyped                      ;
; WIDTH_ECCSTATUS                    ; 3                    ; Untyped                      ;
; DEVICE_FAMILY                      ; Cyclone V            ; Untyped                      ;
; CBXI_PARAMETER                     ; altsyncram_1032      ; Untyped                      ;
+------------------------------------+----------------------+------------------------------+
Note: In order to hide this table in the UI and the text report file, please set the "Show Parameter Settings in Synthesis Report" option in "Analysis and Synthesis Settings -> More Settings" to "Off".


+-----------------------------------------------------------------------------------------+
; altsyncram Parameter Settings by Entity Instance                                        ;
+-------------------------------------------+---------------------------------------------+
; Name                                      ; Value                                       ;
+-------------------------------------------+---------------------------------------------+
; Number of entity instances                ; 1                                           ;
; Entity Instance                           ; ram32x4:mem|altsyncram:altsyncram_component ;
;     -- OPERATION_MODE                     ; DUAL_PORT                                   ;
;     -- WIDTH_A                            ; 4                                           ;
;     -- NUMWORDS_A                         ; 32                                          ;
;     -- OUTDATA_REG_A                      ; UNREGISTERED                                ;
;     -- WIDTH_B                            ; 4                                           ;
;     -- NUMWORDS_B                         ; 32                                          ;
;     -- ADDRESS_REG_B                      ; CLOCK0                                      ;
;     -- OUTDATA_REG_B                      ; UNREGISTERED                                ;
;     -- RAM_BLOCK_TYPE                     ; M10K                                        ;
;     -- READ_DURING_WRITE_MODE_MIXED_PORTS ; DONT_CARE                                   ;
+-------------------------------------------+---------------------------------------------+


+-----------------------------------------------+
; Port Connectivity Checks: "decoder_hex_16:d5" ;
+---------+-------+----------+------------------+
; Port    ; Type  ; Severity ; Details          ;
+---------+-------+----------+------------------+
; x[3..1] ; Input ; Info     ; Stuck at GND     ;
+---------+-------+----------+------------------+


+-----------------------------------------------+
; Port Connectivity Checks: "decoder_hex_16:d3" ;
+---------+-------+----------+------------------+
; Port    ; Type  ; Severity ; Details          ;
+---------+-------+----------+------------------+
; x[3..1] ; Input ; Info     ; Stuck at GND     ;
+---------+-------+----------+------------------+


+-----------------------------------------------------+
; Port Connectivity Checks: "counter_N_bits:cnt_addr" ;
+--------+-------+----------+-------------------------+
; Port   ; Type  ; Severity ; Details                 ;
+--------+-------+----------+-------------------------+
; enable ; Input ; Info     ; Stuck at VCC            ;
+--------+-------+----------+-------------------------+


+------------------------------------------------------------+
; Port Connectivity Checks: "delay:ex0|counter_mod_M:count1" ;
+------+-------+----------+----------------------------------+
; Port ; Type  ; Severity ; Details                          ;
+------+-------+----------+----------------------------------+
; aclr ; Input ; Info     ; Stuck at VCC                     ;
+------+-------+----------+----------------------------------+


+------------------------------------------------------------------------------------------------------------------------------------------------------------------------------------------------------+
; Port Connectivity Checks: "delay:ex0|counter_mod_M:count0"                                                                                                                                           ;
+--------+--------+----------+-------------------------------------------------------------------------------------------------------------------------------------------------------------------------+
; Port   ; Type   ; Severity ; Details                                                                                                                                                                 ;
+--------+--------+----------+-------------------------------------------------------------------------------------------------------------------------------------------------------------------------+
; aclr   ; Input  ; Info     ; Stuck at VCC                                                                                                                                                            ;
; enable ; Input  ; Info     ; Stuck at VCC                                                                                                                                                            ;
; Q      ; Output ; Warning  ; Output or bidir port (26 bits) is smaller than the port expression (27 bits) it drives.  The 1 most-significant bit(s) in the port expression will be connected to GND. ;
+--------+--------+----------+-------------------------------------------------------------------------------------------------------------------------------------------------------------------------+


+-----------------------------------------------------+
; Post-Synthesis Netlist Statistics for Top Partition ;
+-----------------------+-----------------------------+
; Type                  ; Count                       ;
+-----------------------+-----------------------------+
; arriav_ff             ; 32                          ;
;     CLR               ; 5                           ;
;     SCLR              ; 26                          ;
;     plain             ; 1                           ;
; arriav_lcell_comb     ; 75                          ;
;     arith             ; 26                          ;
;         1 data inputs ; 26                          ;
;     normal            ; 49                          ;
;         0 data inputs ; 2                           ;
;         1 data inputs ; 5                           ;
;         2 data inputs ; 2                           ;
;         3 data inputs ; 1                           ;
;         4 data inputs ; 29                          ;
;         5 data inputs ; 2                           ;
;         6 data inputs ; 8                           ;
; boundary_port         ; 55                          ;
; stratixv_ram_block    ; 4                           ;
;                       ;                             ;
; Max LUT depth         ; 3.50                        ;
; Average LUT depth     ; 2.09                        ;
+-----------------------+-----------------------------+


+-------------------------------+
; Elapsed Time Per Partition    ;
+----------------+--------------+
; Partition Name ; Elapsed Time ;
+----------------+--------------+
; Top            ; 00:00:02     ;
+----------------+--------------+


+-------------------------------+
; Analysis & Synthesis Messages ;
+-------------------------------+
Info: *******************************************************************
Info: Running Quartus Prime Analysis & Synthesis
    Info: Version 17.1.0 Build 590 10/25/2017 SJ Lite Edition
    Info: Processing started: Thu Apr 25 13:05:41 2019
Info: Command: quartus_map --read_settings_files=on --write_settings_files=off ram32x4_2_ports -c ram32x4_2_ports
Warning (18236): Number of processors has not been specified which may cause overloading on shared machines.  Set the global assignment NUM_PARALLEL_PROCESSORS in your QSF to an appropriate value for best performance.
Info (20030): Parallel compilation is enabled and will use 2 of the 2 processors detected
Info (12021): Found 5 design units, including 5 entities, in source file ram32x4_2_ports.v
    Info (12023): Found entity 1: ram32x4_2_ports File: C:/Users/Acerek/Desktop/SWrepo2/SW/ps9/zad4/ram32x4_2_ports.v Line: 1
    Info (12023): Found entity 2: delay File: C:/Users/Acerek/Desktop/SWrepo2/SW/ps9/zad4/ram32x4_2_ports.v Line: 26
    Info (12023): Found entity 3: counter_mod_M File: C:/Users/Acerek/Desktop/SWrepo2/SW/ps9/zad4/ram32x4_2_ports.v Line: 42
    Info (12023): Found entity 4: counter_N_bits File: C:/Users/Acerek/Desktop/SWrepo2/SW/ps9/zad4/ram32x4_2_ports.v Line: 63
    Info (12023): Found entity 5: decoder_hex_16 File: C:/Users/Acerek/Desktop/SWrepo2/SW/ps9/zad4/ram32x4_2_ports.v Line: 75
Info (12021): Found 1 design units, including 1 entities, in source file ram32x4.v
    Info (12023): Found entity 1: ram32x4 File: C:/Users/Acerek/Desktop/SWrepo2/SW/ps9/zad4/ram32x4.v Line: 39
Info (12127): Elaborating entity "ram32x4_2_ports" for the top level hierarchy
Info (12128): Elaborating entity "delay" for hierarchy "delay:ex0" File: C:/Users/Acerek/Desktop/SWrepo2/SW/ps9/zad4/ram32x4_2_ports.v Line: 11
Info (12128): Elaborating entity "counter_mod_M" for hierarchy "delay:ex0|counter_mod_M:count0" File: C:/Users/Acerek/Desktop/SWrepo2/SW/ps9/zad4/ram32x4_2_ports.v Line: 34
Info (12128): Elaborating entity "counter_mod_M" for hierarchy "delay:ex0|counter_mod_M:count1" File: C:/Users/Acerek/Desktop/SWrepo2/SW/ps9/zad4/ram32x4_2_ports.v Line: 38
Info (12128): Elaborating entity "counter_N_bits" for hierarchy "counter_N_bits:cnt_addr" File: C:/Users/Acerek/Desktop/SWrepo2/SW/ps9/zad4/ram32x4_2_ports.v Line: 13
Info (12128): Elaborating entity "ram32x4" for hierarchy "ram32x4:mem" File: C:/Users/Acerek/Desktop/SWrepo2/SW/ps9/zad4/ram32x4_2_ports.v Line: 15
Info (12128): Elaborating entity "altsyncram" for hierarchy "ram32x4:mem|altsyncram:altsyncram_component" File: C:/Users/Acerek/Desktop/SWrepo2/SW/ps9/zad4/ram32x4.v Line: 88
Info (12130): Elaborated megafunction instantiation "ram32x4:mem|altsyncram:altsyncram_component" File: C:/Users/Acerek/Desktop/SWrepo2/SW/ps9/zad4/ram32x4.v Line: 88
Info (12133): Instantiated megafunction "ram32x4:mem|altsyncram:altsyncram_component" with the following parameter: File: C:/Users/Acerek/Desktop/SWrepo2/SW/ps9/zad4/ram32x4.v Line: 88
    Info (12134): Parameter "address_aclr_b" = "NONE"
    Info (12134): Parameter "address_reg_b" = "CLOCK0"
    Info (12134): Parameter "clock_enable_input_a" = "BYPASS"
    Info (12134): Parameter "clock_enable_input_b" = "BYPASS"
    Info (12134): Parameter "clock_enable_output_b" = "BYPASS"
    Info (12134): Parameter "init_file" = "ram32x4_2_ports.mif"
    Info (12134): Parameter "intended_device_family" = "Cyclone V"
    Info (12134): Parameter "lpm_type" = "altsyncram"
    Info (12134): Parameter "numwords_a" = "32"
    Info (12134): Parameter "numwords_b" = "32"
    Info (12134): Parameter "operation_mode" = "DUAL_PORT"
    Info (12134): Parameter "outdata_aclr_b" = "NONE"
    Info (12134): Parameter "outdata_reg_b" = "UNREGISTERED"
    Info (12134): Parameter "power_up_uninitialized" = "FALSE"
    Info (12134): Parameter "ram_block_type" = "M10K"
    Info (12134): Parameter "read_during_write_mode_mixed_ports" = "DONT_CARE"
    Info (12134): Parameter "widthad_a" = "5"
    Info (12134): Parameter "widthad_b" = "5"
    Info (12134): Parameter "width_a" = "4"
    Info (12134): Parameter "width_b" = "4"
    Info (12134): Parameter "width_byteena_a" = "1"
Info (12021): Found 1 design units, including 1 entities, in source file db/altsyncram_1032.tdf
    Info (12023): Found entity 1: altsyncram_1032 File: C:/Users/Acerek/Desktop/SWrepo2/SW/ps9/zad4/db/altsyncram_1032.tdf Line: 27
Info (12128): Elaborating entity "altsyncram_1032" for hierarchy "ram32x4:mem|altsyncram:altsyncram_component|altsyncram_1032:auto_generated" File: c:/intelfpga_lite/17.1/quartus/libraries/megafunctions/altsyncram.tdf Line: 791
Info (12128): Elaborating entity "decoder_hex_16" for hierarchy "decoder_hex_16:d0" File: C:/Users/Acerek/Desktop/SWrepo2/SW/ps9/zad4/ram32x4_2_ports.v Line: 17
Warning (12241): 1 hierarchies have connectivity warnings - see the Connectivity Checks report folder
Warning (13024): Output pins are stuck at VCC or GND
    Warning (13410): Pin "HEX3[6]" is stuck at VCC File: C:/Users/Acerek/Desktop/SWrepo2/SW/ps9/zad4/ram32x4_2_ports.v Line: 5
    Warning (13410): Pin "HEX3[2]" is stuck at GND File: C:/Users/Acerek/Desktop/SWrepo2/SW/ps9/zad4/ram32x4_2_ports.v Line: 5
    Warning (13410): Pin "HEX3[1]" is stuck at GND File: C:/Users/Acerek/Desktop/SWrepo2/SW/ps9/zad4/ram32x4_2_ports.v Line: 5
    Warning (13410): Pin "HEX5[6]" is stuck at VCC File: C:/Users/Acerek/Desktop/SWrepo2/SW/ps9/zad4/ram32x4_2_ports.v Line: 5
    Warning (13410): Pin "HEX5[2]" is stuck at GND File: C:/Users/Acerek/Desktop/SWrepo2/SW/ps9/zad4/ram32x4_2_ports.v Line: 5
    Warning (13410): Pin "HEX5[1]" is stuck at GND File: C:/Users/Acerek/Desktop/SWrepo2/SW/ps9/zad4/ram32x4_2_ports.v Line: 5
Info (286030): Timing-Driven Synthesis is running
Info (16010): Generating hard_block partition "hard_block:auto_generated_inst"
    Info (16011): Adding 0 node(s), including 0 DDIO, 0 PLL, 0 transceiver and 0 LCELL
Warning (21074): Design contains 1 input pin(s) that do not drive logic
    Warning (15610): No output dependent on input pin "KEY[1]" File: C:/Users/Acerek/Desktop/SWrepo2/SW/ps9/zad4/ram32x4_2_ports.v Line: 4
Info (21057): Implemented 128 device resources after synthesis - the final resource count might be different
    Info (21058): Implemented 13 input pins
    Info (21059): Implemented 42 output pins
    Info (21061): Implemented 69 logic cells
    Info (21064): Implemented 4 RAM segments
Info: Quartus Prime Analysis & Synthesis was successful. 0 errors, 11 warnings
    Info: Peak virtual memory: 4824 megabytes
    Info: Processing ended: Thu Apr 25 13:06:14 2019
    Info: Elapsed time: 00:00:33
    Info: Total CPU time (on all processors): 00:00:46


